<?xml version="1.0" encoding="UTF-8"?>
<testsuites>
  <testsuite name="/app/phpunit.xml.dist" tests="197" assertions="2474" errors="0" failures="0" skipped="0" time="36.098309">
    <testsuite name="Unit" tests="11" assertions="14" errors="0" failures="0" skipped="0" time="0.636816">
      <testsuite name="Tests\Unit\Playground\Cms\Resource\Http\Requests\FormRequest\InstanceTest" file="/app/tests/Unit/Http/Requests/FormRequest/InstanceTest.php" tests="5" assertions="6" errors="0" failures="0" skipped="0" time="0.419612">
        <testcase name="test_FormRequest_authorize_without_user" file="/app/tests/Unit/Http/Requests/FormRequest/InstanceTest.php" line="21" class="Tests\Unit\Playground\Cms\Resource\Http\Requests\FormRequest\InstanceTest" classname="Tests.Unit.Playground.Cms.Resource.Http.Requests.FormRequest.InstanceTest" assertions="1" time="0.264429"/>
        <testcase name="test_RULES_is_empty_by_default" file="/app/tests/Unit/Http/Requests/FormRequest/InstanceTest.php" line="28" class="Tests\Unit\Playground\Cms\Resource\Http\Requests\FormRequest\InstanceTest" classname="Tests.Unit.Playground.Cms.Resource.Http.Requests.FormRequest.InstanceTest" assertions="2" time="0.033568"/>
        <testcase name="test_userHasAdminPrivileges_without_user" file="/app/tests/Unit/Http/Requests/FormRequest/InstanceTest.php" line="36" class="Tests\Unit\Playground\Cms\Resource\Http\Requests\FormRequest\InstanceTest" classname="Tests.Unit.Playground.Cms.Resource.Http.Requests.FormRequest.InstanceTest" assertions="1" time="0.031276"/>
        <testcase name="test_userHasAdminPrivileges_with_admin" file="/app/tests/Unit/Http/Requests/FormRequest/InstanceTest.php" line="43" class="Tests\Unit\Playground\Cms\Resource\Http\Requests\FormRequest\InstanceTest" classname="Tests.Unit.Playground.Cms.Resource.Http.Requests.FormRequest.InstanceTest" assertions="1" time="0.055320"/>
        <testcase name="test_userHasAdminPrivileges_with_default_laravel_user" file="/app/tests/Unit/Http/Requests/FormRequest/InstanceTest.php" line="55" class="Tests\Unit\Playground\Cms\Resource\Http\Requests\FormRequest\InstanceTest" classname="Tests.Unit.Playground.Cms.Resource.Http.Requests.FormRequest.InstanceTest" assertions="1" time="0.035019"/>
      </testsuite>
      <testsuite name="Tests\Unit\Playground\Cms\Resource\Http\Requests\Page\CreateRequestTest" file="/app/tests/Unit/Http/Requests/Page/CreateRequestTest.php" tests="1" assertions="1" errors="0" failures="0" skipped="0" time="0.044559">
        <testcase name="test_request_instance" file="/app/vendor/gammamatrix/playground-test/src/Unit/Http/Requests/RequestCase.php" line="41" class="Tests\Unit\Playground\Cms\Resource\Http\Requests\Page\CreateRequestTest" classname="Tests.Unit.Playground.Cms.Resource.Http.Requests.Page.CreateRequestTest" assertions="1" time="0.044559"/>
      </testsuite>
      <testsuite name="Tests\Unit\Playground\Cms\Resource\Http\Requests\Snippet\CreateRequestTest" file="/app/tests/Unit/Http/Requests/Snippet/CreateRequestTest.php" tests="1" assertions="1" errors="0" failures="0" skipped="0" time="0.045959">
        <testcase name="test_request_instance" file="/app/vendor/gammamatrix/playground-test/src/Unit/Http/Requests/RequestCase.php" line="41" class="Tests\Unit\Playground\Cms\Resource\Http\Requests\Snippet\CreateRequestTest" classname="Tests.Unit.Playground.Cms.Resource.Http.Requests.Snippet.CreateRequestTest" assertions="1" time="0.045959"/>
      </testsuite>
      <testsuite name="Tests\Unit\Playground\Cms\Resource\Policies\PagePolicy\PolicyTest" file="/app/tests/Unit/Policies/PagePolicy/PolicyTest.php" tests="1" assertions="1" errors="0" failures="0" skipped="0" time="0.031371">
        <testcase name="test_policy_instance" file="/app/tests/Unit/Policies/PagePolicy/PolicyTest.php" line="17" class="Tests\Unit\Playground\Cms\Resource\Policies\PagePolicy\PolicyTest" classname="Tests.Unit.Playground.Cms.Resource.Policies.PagePolicy.PolicyTest" assertions="1" time="0.031371"/>
      </testsuite>
      <testsuite name="Tests\Unit\Playground\Cms\Resource\Policies\SnippetPolicy\PolicyTest" file="/app/tests/Unit/Policies/SnippetPolicy/PolicyTest.php" tests="1" assertions="1" errors="0" failures="0" skipped="0" time="0.031029">
        <testcase name="test_policy_instance" file="/app/tests/Unit/Policies/SnippetPolicy/PolicyTest.php" line="17" class="Tests\Unit\Playground\Cms\Resource\Policies\SnippetPolicy\PolicyTest" classname="Tests.Unit.Playground.Cms.Resource.Policies.SnippetPolicy.PolicyTest" assertions="1" time="0.031029"/>
      </testsuite>
      <testsuite name="Tests\Unit\Playground\Cms\Resource\ServiceProvider\InstanceTest" file="/app/tests/Unit/ServiceProvider/InstanceTest.php" tests="2" assertions="4" errors="0" failures="0" skipped="0" time="0.064286">
        <testcase name="test_version_matches" file="/app/tests/Unit/ServiceProvider/InstanceTest.php" line="20" class="Tests\Unit\Playground\Cms\Resource\ServiceProvider\InstanceTest" classname="Tests.Unit.Playground.Cms.Resource.ServiceProvider.InstanceTest" assertions="3" time="0.033192"/>
        <testcase name="test_setPolicies_with_empty_array" file="/app/tests/Unit/ServiceProvider/InstanceTest.php" line="29" class="Tests\Unit\Playground\Cms\Resource\ServiceProvider\InstanceTest" classname="Tests.Unit.Playground.Cms.Resource.ServiceProvider.InstanceTest" assertions="1" time="0.031094"/>
      </testsuite>
    </testsuite>
    <testsuite name="Feature" tests="186" assertions="2460" errors="0" failures="0" skipped="0" time="35.461493">
      <testsuite name="Tests\Feature\Playground\Cms\Resource\Console\Commands\About\CommandTest" file="/app/tests/Feature/Console/Commands/About/CommandTest.php" tests="1" assertions="2" errors="0" failures="0" skipped="0" time="0.294108">
        <testcase name="test_command_about_displays_package_information_and_succeed_with_code_0" file="/app/tests/Feature/Console/Commands/About/CommandTest.php" line="19" class="Tests\Feature\Playground\Cms\Resource\Console\Commands\About\CommandTest" classname="Tests.Feature.Playground.Cms.Resource.Console.Commands.About.CommandTest" assertions="2" time="0.294108"/>
      </testsuite>
      <testsuite name="Tests\Feature\Playground\Cms\Resource\Http\Controllers\Playground\IndexRouteTest" file="/app/tests/Feature/Http/Controllers/Playground/IndexRouteTest.php" tests="2" assertions="3" errors="0" failures="0" skipped="0" time="0.284281">
        <testcase name="test_guest_cannot_render_index_view" file="/app/tests/Feature/Http/Controllers/Playground/IndexRouteTest.php" line="21" class="Tests\Feature\Playground\Cms\Resource\Http\Controllers\Playground\IndexRouteTest" classname="Tests.Feature.Playground.Cms.Resource.Http.Controllers.Playground.IndexRouteTest" assertions="1" time="0.138056"/>
        <testcase name="test_admin_can_render_index_view" file="/app/tests/Feature/Http/Controllers/Playground/IndexRouteTest.php" line="30" class="Tests\Feature\Playground\Cms\Resource\Http\Controllers\Playground\IndexRouteTest" classname="Tests.Feature.Playground.Cms.Resource.Http.Controllers.Playground.IndexRouteTest" assertions="2" time="0.146225"/>
      </testsuite>
      <testsuite name="Tests\Feature\Playground\Cms\Resource\Http\Controllers\Playground\PageRouteTest" file="/app/tests/Feature/Http/Controllers/Playground/PageRouteTest.php" tests="91" assertions="1227" errors="0" failures="0" skipped="0" time="17.472835">
        <testcase name="test_json_guest_cannot_get_create_info" file="/app/vendor/gammamatrix/playground-test/src/Feature/Http/Controllers/Resource/Playground/CreateJsonTrait.php" line="38" class="Tests\Feature\Playground\Cms\Resource\Http\Controllers\Playground\PageRouteTest" classname="Tests.Feature.Playground.Cms.Resource.Http.Controllers.Playground.PageRouteTest" assertions="1" time="0.229535"/>
        <testcase name="test_json_admin_can_get_create_info" file="/app/vendor/gammamatrix/playground-test/src/Feature/Http/Controllers/Resource/Playground/CreateJsonTrait.php" line="53" class="Tests\Feature\Playground\Cms\Resource\Http\Controllers\Playground\PageRouteTest" classname="Tests.Feature.Playground.Cms.Resource.Http.Controllers.Playground.PageRouteTest" assertions="73" time="0.181594"/>
        <testcase name="test_json_get_create_info_as_admin_with_invalid_parameter_and_fail_validation" file="/app/vendor/gammamatrix/playground-test/src/Feature/Http/Controllers/Resource/Playground/CreateJsonTrait.php" line="73" class="Tests\Feature\Playground\Cms\Resource\Http\Controllers\Playground\PageRouteTest" classname="Tests.Feature.Playground.Cms.Resource.Http.Controllers.Playground.PageRouteTest" assertions="4" time="0.170771"/>
        <testcase name="test_guest_cannot_render_create_view" file="/app/vendor/gammamatrix/playground-test/src/Feature/Http/Controllers/Resource/Playground/CreateTrait.php" line="33" class="Tests\Feature\Playground\Cms\Resource\Http\Controllers\Playground\PageRouteTest" classname="Tests.Feature.Playground.Cms.Resource.Http.Controllers.Playground.PageRouteTest" assertions="1" time="0.156134"/>
        <testcase name="test_admin_can_render_create_view" file="/app/vendor/gammamatrix/playground-test/src/Feature/Http/Controllers/Resource/Playground/CreateTrait.php" line="47" class="Tests\Feature\Playground\Cms\Resource\Http\Controllers\Playground\PageRouteTest" classname="Tests.Feature.Playground.Cms.Resource.Http.Controllers.Playground.PageRouteTest" assertions="2" time="0.259570"/>
        <testcase name="test_admin_can_render_create_view_with_return_url" file="/app/vendor/gammamatrix/playground-test/src/Feature/Http/Controllers/Resource/Playground/CreateTrait.php" line="65" class="Tests\Feature\Playground\Cms\Resource\Http\Controllers\Playground\PageRouteTest" classname="Tests.Feature.Playground.Cms.Resource.Http.Controllers.Playground.PageRouteTest" assertions="3" time="0.197805"/>
        <testcase name="test_create_view_as_admin_with_invalid_parameter_and_fail_validation_and_redirect" file="/app/vendor/gammamatrix/playground-test/src/Feature/Http/Controllers/Resource/Playground/CreateTrait.php" line="92" class="Tests\Feature\Playground\Cms\Resource\Http\Controllers\Playground\PageRouteTest" classname="Tests.Feature.Playground.Cms.Resource.Http.Controllers.Playground.PageRouteTest" assertions="5" time="0.169795"/>
        <testcase name="test_json_guest_cannot_destroy" file="/app/vendor/gammamatrix/playground-test/src/Feature/Http/Controllers/Resource/Playground/DestroyJsonTrait.php" line="31" class="Tests\Feature\Playground\Cms\Resource\Http\Controllers\Playground\PageRouteTest" classname="Tests.Feature.Playground.Cms.Resource.Http.Controllers.Playground.PageRouteTest" assertions="3" time="0.173185"/>
        <testcase name="test_json_destroy_as_admin_and_succeed" file="/app/vendor/gammamatrix/playground-test/src/Feature/Http/Controllers/Resource/Playground/DestroyJsonTrait.php" line="61" class="Tests\Feature\Playground\Cms\Resource\Http\Controllers\Playground\PageRouteTest" classname="Tests.Feature.Playground.Cms.Resource.Http.Controllers.Playground.PageRouteTest" assertions="5" time="0.177005"/>
        <testcase name="test_json_destroy_as_admin_and_succeed_with_force_delete" file="/app/vendor/gammamatrix/playground-test/src/Feature/Http/Controllers/Resource/Playground/DestroyJsonTrait.php" line="100" class="Tests\Feature\Playground\Cms\Resource\Http\Controllers\Playground\PageRouteTest" classname="Tests.Feature.Playground.Cms.Resource.Http.Controllers.Playground.PageRouteTest" assertions="4" time="0.173395"/>
        <testcase name="test_json_destroy_as_admin_and_succeed_with_no_content" file="/app/vendor/gammamatrix/playground-test/src/Feature/Http/Controllers/Resource/Playground/DestroyJsonTrait.php" line="132" class="Tests\Feature\Playground\Cms\Resource\Http\Controllers\Playground\PageRouteTest" classname="Tests.Feature.Playground.Cms.Resource.Http.Controllers.Playground.PageRouteTest" assertions="5" time="0.178684"/>
        <testcase name="test_json_destroy_as_admin_and_succeed_and_ignore_redirect" file="/app/vendor/gammamatrix/playground-test/src/Feature/Http/Controllers/Resource/Playground/DestroyJsonTrait.php" line="167" class="Tests\Feature\Playground\Cms\Resource\Http\Controllers\Playground\PageRouteTest" classname="Tests.Feature.Playground.Cms.Resource.Http.Controllers.Playground.PageRouteTest" assertions="5" time="0.176030"/>
        <testcase name="test_json_destroy_as_user_and_get_denied_and_no_force_delete_allowed" file="/app/vendor/gammamatrix/playground-test/src/Feature/Http/Controllers/Resource/Playground/DestroyJsonTrait.php" line="209" class="Tests\Feature\Playground\Cms\Resource\Http\Controllers\Playground\PageRouteTest" classname="Tests.Feature.Playground.Cms.Resource.Http.Controllers.Playground.PageRouteTest" assertions="3" time="0.172352"/>
        <testcase name="test_guest_cannot_destroy" file="/app/vendor/gammamatrix/playground-test/src/Feature/Http/Controllers/Resource/Playground/DestroyTrait.php" line="31" class="Tests\Feature\Playground\Cms\Resource\Http\Controllers\Playground\PageRouteTest" classname="Tests.Feature.Playground.Cms.Resource.Http.Controllers.Playground.PageRouteTest" assertions="3" time="0.166440"/>
        <testcase name="test_destroy_as_admin_and_succeed" file="/app/vendor/gammamatrix/playground-test/src/Feature/Http/Controllers/Resource/Playground/DestroyTrait.php" line="61" class="Tests\Feature\Playground\Cms\Resource\Http\Controllers\Playground\PageRouteTest" classname="Tests.Feature.Playground.Cms.Resource.Http.Controllers.Playground.PageRouteTest" assertions="5" time="0.186465"/>
        <testcase name="test_destroy_as_admin_and_succeed_with_force_delete" file="/app/vendor/gammamatrix/playground-test/src/Feature/Http/Controllers/Resource/Playground/DestroyTrait.php" line="97" class="Tests\Feature\Playground\Cms\Resource\Http\Controllers\Playground\PageRouteTest" classname="Tests.Feature.Playground.Cms.Resource.Http.Controllers.Playground.PageRouteTest" assertions="4" time="0.175309"/>
        <testcase name="test_destroy_as_admin_and_succeed_with_redirect_to_index_with_trash" file="/app/vendor/gammamatrix/playground-test/src/Feature/Http/Controllers/Resource/Playground/DestroyTrait.php" line="129" class="Tests\Feature\Playground\Cms\Resource\Http\Controllers\Playground\PageRouteTest" classname="Tests.Feature.Playground.Cms.Resource.Http.Controllers.Playground.PageRouteTest" assertions="5" time="0.176833"/>
        <testcase name="test_destroy_as_user_and_get_denied_and_no_force_delete_allowed" file="/app/vendor/gammamatrix/playground-test/src/Feature/Http/Controllers/Resource/Playground/DestroyTrait.php" line="171" class="Tests\Feature\Playground\Cms\Resource\Http\Controllers\Playground\PageRouteTest" classname="Tests.Feature.Playground.Cms.Resource.Http.Controllers.Playground.PageRouteTest" assertions="3" time="0.176133"/>
        <testcase name="test_json_guest_cannot_get_edit_info" file="/app/vendor/gammamatrix/playground-test/src/Feature/Http/Controllers/Resource/Playground/EditJsonTrait.php" line="38" class="Tests\Feature\Playground\Cms\Resource\Http\Controllers\Playground\PageRouteTest" classname="Tests.Feature.Playground.Cms.Resource.Http.Controllers.Playground.PageRouteTest" assertions="1" time="0.184033"/>
        <testcase name="test_json_admin_can_get_edit_info" file="/app/vendor/gammamatrix/playground-test/src/Feature/Http/Controllers/Resource/Playground/EditJsonTrait.php" line="58" class="Tests\Feature\Playground\Cms\Resource\Http\Controllers\Playground\PageRouteTest" classname="Tests.Feature.Playground.Cms.Resource.Http.Controllers.Playground.PageRouteTest" assertions="4" time="0.183222"/>
        <testcase name="test_json_edit_as_admin_and_fail_validation_with_invalid_parameter" file="/app/vendor/gammamatrix/playground-test/src/Feature/Http/Controllers/Resource/Playground/EditJsonTrait.php" line="87" class="Tests\Feature\Playground\Cms\Resource\Http\Controllers\Playground\PageRouteTest" classname="Tests.Feature.Playground.Cms.Resource.Http.Controllers.Playground.PageRouteTest" assertions="4" time="0.179833"/>
        <testcase name="test_guest_cannot_render_edit_view" file="/app/vendor/gammamatrix/playground-test/src/Feature/Http/Controllers/Resource/Playground/EditTrait.php" line="33" class="Tests\Feature\Playground\Cms\Resource\Http\Controllers\Playground\PageRouteTest" classname="Tests.Feature.Playground.Cms.Resource.Http.Controllers.Playground.PageRouteTest" assertions="1" time="0.164858"/>
        <testcase name="test_admin_can_render_edit_view" file="/app/vendor/gammamatrix/playground-test/src/Feature/Http/Controllers/Resource/Playground/EditTrait.php" line="53" class="Tests\Feature\Playground\Cms\Resource\Http\Controllers\Playground\PageRouteTest" classname="Tests.Feature.Playground.Cms.Resource.Http.Controllers.Playground.PageRouteTest" assertions="2" time="0.212506"/>
        <testcase name="test_admin_can_render_edit_view_with_return_url" file="/app/vendor/gammamatrix/playground-test/src/Feature/Http/Controllers/Resource/Playground/EditTrait.php" line="77" class="Tests\Feature\Playground\Cms\Resource\Http\Controllers\Playground\PageRouteTest" classname="Tests.Feature.Playground.Cms.Resource.Http.Controllers.Playground.PageRouteTest" assertions="3" time="0.203935"/>
        <testcase name="test_edit_view_as_admin_with_invalid_parameter_and_fail_validation_and_redirect" file="/app/vendor/gammamatrix/playground-test/src/Feature/Http/Controllers/Resource/Playground/EditTrait.php" line="109" class="Tests\Feature\Playground\Cms\Resource\Http\Controllers\Playground\PageRouteTest" classname="Tests.Feature.Playground.Cms.Resource.Http.Controllers.Playground.PageRouteTest" assertions="4" time="0.181477"/>
        <testcase name="test_json_guest_cannot_get_index" file="/app/vendor/gammamatrix/playground-test/src/Feature/Http/Controllers/Resource/Playground/IndexJsonTrait.php" line="34" class="Tests\Feature\Playground\Cms\Resource\Http\Controllers\Playground\PageRouteTest" classname="Tests.Feature.Playground.Cms.Resource.Http.Controllers.Playground.PageRouteTest" assertions="1" time="0.214460"/>
        <testcase name="test_json_admin_can_get_index" file="/app/vendor/gammamatrix/playground-test/src/Feature/Http/Controllers/Resource/Playground/IndexJsonTrait.php" line="49" class="Tests\Feature\Playground\Cms\Resource\Http\Controllers\Playground\PageRouteTest" classname="Tests.Feature.Playground.Cms.Resource.Http.Controllers.Playground.PageRouteTest" assertions="80" time="0.201303"/>
        <testcase name="test_json_admin_can_get_index_with_filters" file="/app/vendor/gammamatrix/playground-test/src/Feature/Http/Controllers/Resource/Playground/IndexJsonTrait.php" line="85" class="Tests\Feature\Playground\Cms\Resource\Http\Controllers\Playground\PageRouteTest" classname="Tests.Feature.Playground.Cms.Resource.Http.Controllers.Playground.PageRouteTest" assertions="3" time="0.193094"/>
        <testcase name="test_guest_cannot_render_index_view" file="/app/vendor/gammamatrix/playground-test/src/Feature/Http/Controllers/Resource/Playground/IndexTrait.php" line="29" class="Tests\Feature\Playground\Cms\Resource\Http\Controllers\Playground\PageRouteTest" classname="Tests.Feature.Playground.Cms.Resource.Http.Controllers.Playground.PageRouteTest" assertions="1" time="0.167930"/>
        <testcase name="test_admin_can_render_index_view" file="/app/vendor/gammamatrix/playground-test/src/Feature/Http/Controllers/Resource/Playground/IndexTrait.php" line="44" class="Tests\Feature\Playground\Cms\Resource\Http\Controllers\Playground\PageRouteTest" classname="Tests.Feature.Playground.Cms.Resource.Http.Controllers.Playground.PageRouteTest" assertions="2" time="0.281015"/>
        <testcase name="test_admin_can_render_index_view_with_filters" file="/app/vendor/gammamatrix/playground-test/src/Feature/Http/Controllers/Resource/Playground/IndexTrait.php" line="77" class="Tests\Feature\Playground\Cms\Resource\Http\Controllers\Playground\PageRouteTest" classname="Tests.Feature.Playground.Cms.Resource.Http.Controllers.Playground.PageRouteTest" assertions="3" time="0.215139"/>
        <testcase name="test_json_guest_cannot_lock" file="/app/vendor/gammamatrix/playground-test/src/Feature/Http/Controllers/Resource/Playground/LockJsonTrait.php" line="36" class="Tests\Feature\Playground\Cms\Resource\Http\Controllers\Playground\PageRouteTest" classname="Tests.Feature.Playground.Cms.Resource.Http.Controllers.Playground.PageRouteTest" assertions="3" time="0.170331"/>
        <testcase name="test_json_lock_as_admin_and_succeed" file="/app/vendor/gammamatrix/playground-test/src/Feature/Http/Controllers/Resource/Playground/LockJsonTrait.php" line="66" class="Tests\Feature\Playground\Cms\Resource\Http\Controllers\Playground\PageRouteTest" classname="Tests.Feature.Playground.Cms.Resource.Http.Controllers.Playground.PageRouteTest" assertions="3" time="0.186489"/>
        <testcase name="test_json_lock_as_admin_and_succeed_with_no_redirect" file="/app/vendor/gammamatrix/playground-test/src/Feature/Http/Controllers/Resource/Playground/LockJsonTrait.php" line="98" class="Tests\Feature\Playground\Cms\Resource\Http\Controllers\Playground\PageRouteTest" classname="Tests.Feature.Playground.Cms.Resource.Http.Controllers.Playground.PageRouteTest" assertions="75" time="0.183661"/>
        <testcase name="test_json_lock_as_user_and_get_denied" file="/app/vendor/gammamatrix/playground-test/src/Feature/Http/Controllers/Resource/Playground/LockJsonTrait.php" line="143" class="Tests\Feature\Playground\Cms\Resource\Http\Controllers\Playground\PageRouteTest" classname="Tests.Feature.Playground.Cms.Resource.Http.Controllers.Playground.PageRouteTest" assertions="3" time="0.181567"/>
        <testcase name="test_guest_cannot_lock" file="/app/vendor/gammamatrix/playground-test/src/Feature/Http/Controllers/Resource/Playground/LockTrait.php" line="31" class="Tests\Feature\Playground\Cms\Resource\Http\Controllers\Playground\PageRouteTest" classname="Tests.Feature.Playground.Cms.Resource.Http.Controllers.Playground.PageRouteTest" assertions="3" time="0.166429"/>
        <testcase name="test_lock_as_admin_and_succeed" file="/app/vendor/gammamatrix/playground-test/src/Feature/Http/Controllers/Resource/Playground/LockTrait.php" line="61" class="Tests\Feature\Playground\Cms\Resource\Http\Controllers\Playground\PageRouteTest" classname="Tests.Feature.Playground.Cms.Resource.Http.Controllers.Playground.PageRouteTest" assertions="4" time="0.181598"/>
        <testcase name="test_lock_as_admin_and_succeed_with_redirect_to_index_with_sorted_by_locked_desc" file="/app/vendor/gammamatrix/playground-test/src/Feature/Http/Controllers/Resource/Playground/LockTrait.php" line="95" class="Tests\Feature\Playground\Cms\Resource\Http\Controllers\Playground\PageRouteTest" classname="Tests.Feature.Playground.Cms.Resource.Http.Controllers.Playground.PageRouteTest" assertions="4" time="0.183039"/>
        <testcase name="test_lock_as_user_and_get_denied" file="/app/vendor/gammamatrix/playground-test/src/Feature/Http/Controllers/Resource/Playground/LockTrait.php" line="132" class="Tests\Feature\Playground\Cms\Resource\Http\Controllers\Playground\PageRouteTest" classname="Tests.Feature.Playground.Cms.Resource.Http.Controllers.Playground.PageRouteTest" assertions="3" time="0.179162"/>
        <testcase name="test_json_guest_cannot_restore" file="/app/vendor/gammamatrix/playground-test/src/Feature/Http/Controllers/Resource/Playground/RestoreJsonTrait.php" line="32" class="Tests\Feature\Playground\Cms\Resource\Http\Controllers\Playground\PageRouteTest" classname="Tests.Feature.Playground.Cms.Resource.Http.Controllers.Playground.PageRouteTest" assertions="3" time="0.168914"/>
        <testcase name="test_json_restore_as_admin_and_succeed" file="/app/vendor/gammamatrix/playground-test/src/Feature/Http/Controllers/Resource/Playground/RestoreJsonTrait.php" line="64" class="Tests\Feature\Playground\Cms\Resource\Http\Controllers\Playground\PageRouteTest" classname="Tests.Feature.Playground.Cms.Resource.Http.Controllers.Playground.PageRouteTest" assertions="75" time="0.189358"/>
        <testcase name="test_json_restore_as_admin_and_succeed_with_no_redirect" file="/app/vendor/gammamatrix/playground-test/src/Feature/Http/Controllers/Resource/Playground/RestoreJsonTrait.php" line="100" class="Tests\Feature\Playground\Cms\Resource\Http\Controllers\Playground\PageRouteTest" classname="Tests.Feature.Playground.Cms.Resource.Http.Controllers.Playground.PageRouteTest" assertions="75" time="0.200185"/>
        <testcase name="test_json_restore_as_user_and_get_denied" file="/app/vendor/gammamatrix/playground-test/src/Feature/Http/Controllers/Resource/Playground/RestoreJsonTrait.php" line="143" class="Tests\Feature\Playground\Cms\Resource\Http\Controllers\Playground\PageRouteTest" classname="Tests.Feature.Playground.Cms.Resource.Http.Controllers.Playground.PageRouteTest" assertions="3" time="0.177005"/>
        <testcase name="test_json_guest_cannot_restore_revision" file="/app/vendor/gammamatrix/playground-test/src/Feature/Http/Controllers/Resource/Playground/RestoreRevisionJsonTrait.php" line="43" class="Tests\Feature\Playground\Cms\Resource\Http\Controllers\Playground\PageRouteTest" classname="Tests.Feature.Playground.Cms.Resource.Http.Controllers.Playground.PageRouteTest" assertions="3" time="0.183118"/>
        <testcase name="test_json_restore_revision_as_admin_and_succeed" file="/app/vendor/gammamatrix/playground-test/src/Feature/Http/Controllers/Resource/Playground/RestoreRevisionJsonTrait.php" line="79" class="Tests\Feature\Playground\Cms\Resource\Http\Controllers\Playground\PageRouteTest" classname="Tests.Feature.Playground.Cms.Resource.Http.Controllers.Playground.PageRouteTest" assertions="75" time="0.263325"/>
        <testcase name="test_json_restore_revision_as_admin_and_succeed_without_redirect" file="/app/vendor/gammamatrix/playground-test/src/Feature/Http/Controllers/Resource/Playground/RestoreRevisionJsonTrait.php" line="119" class="Tests\Feature\Playground\Cms\Resource\Http\Controllers\Playground\PageRouteTest" classname="Tests.Feature.Playground.Cms.Resource.Http.Controllers.Playground.PageRouteTest" assertions="75" time="0.239067"/>
        <testcase name="test_json_restore_revision_as_user_and_get_denied" file="/app/vendor/gammamatrix/playground-test/src/Feature/Http/Controllers/Resource/Playground/RestoreRevisionJsonTrait.php" line="171" class="Tests\Feature\Playground\Cms\Resource\Http\Controllers\Playground\PageRouteTest" classname="Tests.Feature.Playground.Cms.Resource.Http.Controllers.Playground.PageRouteTest" assertions="3" time="0.183956"/>
        <testcase name="test_guest_cannot_restore_revision" file="/app/vendor/gammamatrix/playground-test/src/Feature/Http/Controllers/Resource/Playground/RestoreRevisionTrait.php" line="38" class="Tests\Feature\Playground\Cms\Resource\Http\Controllers\Playground\PageRouteTest" classname="Tests.Feature.Playground.Cms.Resource.Http.Controllers.Playground.PageRouteTest" assertions="3" time="0.177110"/>
        <testcase name="test_restore_revision_as_admin_and_succeed" file="/app/vendor/gammamatrix/playground-test/src/Feature/Http/Controllers/Resource/Playground/RestoreRevisionTrait.php" line="74" class="Tests\Feature\Playground\Cms\Resource\Http\Controllers\Playground\PageRouteTest" classname="Tests.Feature.Playground.Cms.Resource.Http.Controllers.Playground.PageRouteTest" assertions="4" time="0.238117"/>
        <testcase name="test_restore_revision_as_admin_and_succeed_with_redirect_to_index_with_only_trash" file="/app/vendor/gammamatrix/playground-test/src/Feature/Http/Controllers/Resource/Playground/RestoreRevisionTrait.php" line="114" class="Tests\Feature\Playground\Cms\Resource\Http\Controllers\Playground\PageRouteTest" classname="Tests.Feature.Playground.Cms.Resource.Http.Controllers.Playground.PageRouteTest" assertions="4" time="0.237017"/>
        <testcase name="test_restore_revision_as_user_and_get_denied" file="/app/vendor/gammamatrix/playground-test/src/Feature/Http/Controllers/Resource/Playground/RestoreRevisionTrait.php" line="164" class="Tests\Feature\Playground\Cms\Resource\Http\Controllers\Playground\PageRouteTest" classname="Tests.Feature.Playground.Cms.Resource.Http.Controllers.Playground.PageRouteTest" assertions="3" time="0.186023"/>
        <testcase name="test_guest_cannot_restore" file="/app/vendor/gammamatrix/playground-test/src/Feature/Http/Controllers/Resource/Playground/RestoreTrait.php" line="32" class="Tests\Feature\Playground\Cms\Resource\Http\Controllers\Playground\PageRouteTest" classname="Tests.Feature.Playground.Cms.Resource.Http.Controllers.Playground.PageRouteTest" assertions="3" time="0.172480"/>
        <testcase name="test_restore_as_admin_and_succeed" file="/app/vendor/gammamatrix/playground-test/src/Feature/Http/Controllers/Resource/Playground/RestoreTrait.php" line="64" class="Tests\Feature\Playground\Cms\Resource\Http\Controllers\Playground\PageRouteTest" classname="Tests.Feature.Playground.Cms.Resource.Http.Controllers.Playground.PageRouteTest" assertions="4" time="0.185596"/>
        <testcase name="test_restore_as_admin_and_succeed_with_redirect_to_index_with_only_trash" file="/app/vendor/gammamatrix/playground-test/src/Feature/Http/Controllers/Resource/Playground/RestoreTrait.php" line="100" class="Tests\Feature\Playground\Cms\Resource\Http\Controllers\Playground\PageRouteTest" classname="Tests.Feature.Playground.Cms.Resource.Http.Controllers.Playground.PageRouteTest" assertions="4" time="0.178863"/>
        <testcase name="test_restore_as_user_and_get_denied" file="/app/vendor/gammamatrix/playground-test/src/Feature/Http/Controllers/Resource/Playground/RestoreTrait.php" line="146" class="Tests\Feature\Playground\Cms\Resource\Http\Controllers\Playground\PageRouteTest" classname="Tests.Feature.Playground.Cms.Resource.Http.Controllers.Playground.PageRouteTest" assertions="3" time="0.176186"/>
        <testcase name="test_json_guest_cannot_render_revision_view" file="/app/vendor/gammamatrix/playground-test/src/Feature/Http/Controllers/Resource/Playground/RevisionJsonTrait.php" line="38" class="Tests\Feature\Playground\Cms\Resource\Http\Controllers\Playground\PageRouteTest" classname="Tests.Feature.Playground.Cms.Resource.Http.Controllers.Playground.PageRouteTest" assertions="2" time="0.183473"/>
        <testcase name="test_json_admin_can_get_revision_info" file="/app/vendor/gammamatrix/playground-test/src/Feature/Http/Controllers/Resource/Playground/RevisionJsonTrait.php" line="69" class="Tests\Feature\Playground\Cms\Resource\Http\Controllers\Playground\PageRouteTest" classname="Tests.Feature.Playground.Cms.Resource.Http.Controllers.Playground.PageRouteTest" assertions="74" time="0.193510"/>
        <testcase name="test_json_guest_cannot_get_revisions" file="/app/vendor/gammamatrix/playground-test/src/Feature/Http/Controllers/Resource/Playground/RevisionsJsonTrait.php" line="34" class="Tests\Feature\Playground\Cms\Resource\Http\Controllers\Playground\PageRouteTest" classname="Tests.Feature.Playground.Cms.Resource.Http.Controllers.Playground.PageRouteTest" assertions="2" time="0.226781"/>
        <testcase name="test_json_admin_can_get_revisions" file="/app/vendor/gammamatrix/playground-test/src/Feature/Http/Controllers/Resource/Playground/RevisionsJsonTrait.php" line="63" class="Tests\Feature\Playground\Cms\Resource\Http\Controllers\Playground\PageRouteTest" classname="Tests.Feature.Playground.Cms.Resource.Http.Controllers.Playground.PageRouteTest" assertions="2" time="0.212286"/>
        <testcase name="test_json_admin_can_get_revisions_with_filters" file="/app/vendor/gammamatrix/playground-test/src/Feature/Http/Controllers/Resource/Playground/RevisionsJsonTrait.php" line="104" class="Tests\Feature\Playground\Cms\Resource\Http\Controllers\Playground\PageRouteTest" classname="Tests.Feature.Playground.Cms.Resource.Http.Controllers.Playground.PageRouteTest" assertions="81" time="0.198433"/>
        <testcase name="test_guest_cannot_render_revisions_view" file="/app/vendor/gammamatrix/playground-test/src/Feature/Http/Controllers/Resource/Playground/RevisionsTrait.php" line="34" class="Tests\Feature\Playground\Cms\Resource\Http\Controllers\Playground\PageRouteTest" classname="Tests.Feature.Playground.Cms.Resource.Http.Controllers.Playground.PageRouteTest" assertions="2" time="0.177372"/>
        <testcase name="test_admin_can_render_revisions_view" file="/app/vendor/gammamatrix/playground-test/src/Feature/Http/Controllers/Resource/Playground/RevisionsTrait.php" line="63" class="Tests\Feature\Playground\Cms\Resource\Http\Controllers\Playground\PageRouteTest" classname="Tests.Feature.Playground.Cms.Resource.Http.Controllers.Playground.PageRouteTest" assertions="2" time="0.219622"/>
        <testcase name="test_admin_can_render_revisions_view_with_filters" file="/app/vendor/gammamatrix/playground-test/src/Feature/Http/Controllers/Resource/Playground/RevisionsTrait.php" line="104" class="Tests\Feature\Playground\Cms\Resource\Http\Controllers\Playground\PageRouteTest" classname="Tests.Feature.Playground.Cms.Resource.Http.Controllers.Playground.PageRouteTest" assertions="3" time="0.231845"/>
        <testcase name="test_guest_cannot_render_revision_view" file="/app/vendor/gammamatrix/playground-test/src/Feature/Http/Controllers/Resource/Playground/RevisionTrait.php" line="38" class="Tests\Feature\Playground\Cms\Resource\Http\Controllers\Playground\PageRouteTest" classname="Tests.Feature.Playground.Cms.Resource.Http.Controllers.Playground.PageRouteTest" assertions="2" time="0.176171"/>
        <testcase name="test_revision_view_rendered_by_admin" file="/app/vendor/gammamatrix/playground-test/src/Feature/Http/Controllers/Resource/Playground/RevisionTrait.php" line="69" class="Tests\Feature\Playground\Cms\Resource\Http\Controllers\Playground\PageRouteTest" classname="Tests.Feature.Playground.Cms.Resource.Http.Controllers.Playground.PageRouteTest" assertions="2" time="0.212829"/>
        <testcase name="test_json_guest_cannot_see_info" file="/app/vendor/gammamatrix/playground-test/src/Feature/Http/Controllers/Resource/Playground/ShowJsonTrait.php" line="29" class="Tests\Feature\Playground\Cms\Resource\Http\Controllers\Playground\PageRouteTest" classname="Tests.Feature.Playground.Cms.Resource.Http.Controllers.Playground.PageRouteTest" assertions="1" time="0.166731"/>
        <testcase name="test_json_show_info_for_admin" file="/app/vendor/gammamatrix/playground-test/src/Feature/Http/Controllers/Resource/Playground/ShowJsonTrait.php" line="49" class="Tests\Feature\Playground\Cms\Resource\Http\Controllers\Playground\PageRouteTest" classname="Tests.Feature.Playground.Cms.Resource.Http.Controllers.Playground.PageRouteTest" assertions="74" time="0.183625"/>
        <testcase name="test_guest_cannot_render_show_view" file="/app/vendor/gammamatrix/playground-test/src/Feature/Http/Controllers/Resource/Playground/ShowTrait.php" line="29" class="Tests\Feature\Playground\Cms\Resource\Http\Controllers\Playground\PageRouteTest" classname="Tests.Feature.Playground.Cms.Resource.Http.Controllers.Playground.PageRouteTest" assertions="1" time="0.165224"/>
        <testcase name="test_show_view_rendered_by_admin" file="/app/vendor/gammamatrix/playground-test/src/Feature/Http/Controllers/Resource/Playground/ShowTrait.php" line="49" class="Tests\Feature\Playground\Cms\Resource\Http\Controllers\Playground\PageRouteTest" classname="Tests.Feature.Playground.Cms.Resource.Http.Controllers.Playground.PageRouteTest" assertions="2" time="0.187795"/>
        <testcase name="test_json_guest_cannot_store" file="/app/vendor/gammamatrix/playground-test/src/Feature/Http/Controllers/Resource/Playground/StoreJsonTrait.php" line="43" class="Tests\Feature\Playground\Cms\Resource\Http\Controllers\Playground\PageRouteTest" classname="Tests.Feature.Playground.Cms.Resource.Http.Controllers.Playground.PageRouteTest" assertions="3" time="0.185909"/>
        <testcase name="test_json_store_as_admin_without_payload_and_fail_validation" file="/app/vendor/gammamatrix/playground-test/src/Feature/Http/Controllers/Resource/Playground/StoreJsonTrait.php" line="66" class="Tests\Feature\Playground\Cms\Resource\Http\Controllers\Playground\PageRouteTest" classname="Tests.Feature.Playground.Cms.Resource.Http.Controllers.Playground.PageRouteTest" assertions="5" time="0.174906"/>
        <testcase name="test_json_store_as_admin_and_succeed" file="/app/vendor/gammamatrix/playground-test/src/Feature/Http/Controllers/Resource/Playground/StoreJsonTrait.php" line="92" class="Tests\Feature\Playground\Cms\Resource\Http\Controllers\Playground\PageRouteTest" classname="Tests.Feature.Playground.Cms.Resource.Http.Controllers.Playground.PageRouteTest" assertions="3" time="0.231538"/>
        <testcase name="test_guest_cannot_store" file="/app/vendor/gammamatrix/playground-test/src/Feature/Http/Controllers/Resource/Playground/StoreTrait.php" line="38" class="Tests\Feature\Playground\Cms\Resource\Http\Controllers\Playground\PageRouteTest" classname="Tests.Feature.Playground.Cms.Resource.Http.Controllers.Playground.PageRouteTest" assertions="3" time="0.163780"/>
        <testcase name="test_store_as_admin_without_payload_and_fail_validation" file="/app/vendor/gammamatrix/playground-test/src/Feature/Http/Controllers/Resource/Playground/StoreTrait.php" line="61" class="Tests\Feature\Playground\Cms\Resource\Http\Controllers\Playground\PageRouteTest" classname="Tests.Feature.Playground.Cms.Resource.Http.Controllers.Playground.PageRouteTest" assertions="5" time="0.174505"/>
        <testcase name="test_store_as_admin_and_succeed" file="/app/vendor/gammamatrix/playground-test/src/Feature/Http/Controllers/Resource/Playground/StoreTrait.php" line="90" class="Tests\Feature\Playground\Cms\Resource\Http\Controllers\Playground\PageRouteTest" classname="Tests.Feature.Playground.Cms.Resource.Http.Controllers.Playground.PageRouteTest" assertions="4" time="0.193668"/>
        <testcase name="test_store_as_admin_and_succeed_with_return_url" file="/app/vendor/gammamatrix/playground-test/src/Feature/Http/Controllers/Resource/Playground/StoreTrait.php" line="135" class="Tests\Feature\Playground\Cms\Resource\Http\Controllers\Playground\PageRouteTest" classname="Tests.Feature.Playground.Cms.Resource.Http.Controllers.Playground.PageRouteTest" assertions="4" time="0.201441"/>
        <testcase name="test_json_guest_cannot_unlock" file="/app/vendor/gammamatrix/playground-test/src/Feature/Http/Controllers/Resource/Playground/UnlockJsonTrait.php" line="36" class="Tests\Feature\Playground\Cms\Resource\Http\Controllers\Playground\PageRouteTest" classname="Tests.Feature.Playground.Cms.Resource.Http.Controllers.Playground.PageRouteTest" assertions="3" time="0.170606"/>
        <testcase name="test_json_unlock_as_admin_and_succeed" file="/app/vendor/gammamatrix/playground-test/src/Feature/Http/Controllers/Resource/Playground/UnlockJsonTrait.php" line="68" class="Tests\Feature\Playground\Cms\Resource\Http\Controllers\Playground\PageRouteTest" classname="Tests.Feature.Playground.Cms.Resource.Http.Controllers.Playground.PageRouteTest" assertions="75" time="0.188937"/>
        <testcase name="test_json_unlock_as_admin_and_succeed_with_no_redirect" file="/app/vendor/gammamatrix/playground-test/src/Feature/Http/Controllers/Resource/Playground/UnlockJsonTrait.php" line="104" class="Tests\Feature\Playground\Cms\Resource\Http\Controllers\Playground\PageRouteTest" classname="Tests.Feature.Playground.Cms.Resource.Http.Controllers.Playground.PageRouteTest" assertions="75" time="0.183983"/>
        <testcase name="test_json_unlock_as_user_and_get_denied" file="/app/vendor/gammamatrix/playground-test/src/Feature/Http/Controllers/Resource/Playground/UnlockJsonTrait.php" line="145" class="Tests\Feature\Playground\Cms\Resource\Http\Controllers\Playground\PageRouteTest" classname="Tests.Feature.Playground.Cms.Resource.Http.Controllers.Playground.PageRouteTest" assertions="3" time="0.177459"/>
        <testcase name="test_guest_cannot_unlock" file="/app/vendor/gammamatrix/playground-test/src/Feature/Http/Controllers/Resource/Playground/UnlockTrait.php" line="36" class="Tests\Feature\Playground\Cms\Resource\Http\Controllers\Playground\PageRouteTest" classname="Tests.Feature.Playground.Cms.Resource.Http.Controllers.Playground.PageRouteTest" assertions="3" time="0.166398"/>
        <testcase name="test_unlock_as_admin_and_succeed" file="/app/vendor/gammamatrix/playground-test/src/Feature/Http/Controllers/Resource/Playground/UnlockTrait.php" line="68" class="Tests\Feature\Playground\Cms\Resource\Http\Controllers\Playground\PageRouteTest" classname="Tests.Feature.Playground.Cms.Resource.Http.Controllers.Playground.PageRouteTest" assertions="4" time="0.178556"/>
        <testcase name="test_unlock_as_admin_and_succeed_with_redirect_to_index_with_sorted_by_unlocked_desc" file="/app/vendor/gammamatrix/playground-test/src/Feature/Http/Controllers/Resource/Playground/UnlockTrait.php" line="109" class="Tests\Feature\Playground\Cms\Resource\Http\Controllers\Playground\PageRouteTest" classname="Tests.Feature.Playground.Cms.Resource.Http.Controllers.Playground.PageRouteTest" assertions="4" time="0.185179"/>
        <testcase name="test_unlock_as_user_and_get_denied" file="/app/vendor/gammamatrix/playground-test/src/Feature/Http/Controllers/Resource/Playground/UnlockTrait.php" line="148" class="Tests\Feature\Playground\Cms\Resource\Http\Controllers\Playground\PageRouteTest" classname="Tests.Feature.Playground.Cms.Resource.Http.Controllers.Playground.PageRouteTest" assertions="3" time="0.176303"/>
        <testcase name="test_json_guest_cannot_update" file="/app/vendor/gammamatrix/playground-test/src/Feature/Http/Controllers/Resource/Playground/UpdateJsonTrait.php" line="45" class="Tests\Feature\Playground\Cms\Resource\Http\Controllers\Playground\PageRouteTest" classname="Tests.Feature.Playground.Cms.Resource.Http.Controllers.Playground.PageRouteTest" assertions="1" time="0.192346"/>
        <testcase name="test_json_update_as_admin_without_payload_and_fail_validation" file="/app/vendor/gammamatrix/playground-test/src/Feature/Http/Controllers/Resource/Playground/UpdateJsonTrait.php" line="65" class="Tests\Feature\Playground\Cms\Resource\Http\Controllers\Playground\PageRouteTest" classname="Tests.Feature.Playground.Cms.Resource.Http.Controllers.Playground.PageRouteTest" assertions="4" time="0.182170"/>
        <testcase name="test_json_admin_can_update" file="/app/vendor/gammamatrix/playground-test/src/Feature/Http/Controllers/Resource/Playground/UpdateJsonTrait.php" line="90" class="Tests\Feature\Playground\Cms\Resource\Http\Controllers\Playground\PageRouteTest" classname="Tests.Feature.Playground.Cms.Resource.Http.Controllers.Playground.PageRouteTest" assertions="77" time="0.266131"/>
        <testcase name="test_guest_cannot_update" file="/app/vendor/gammamatrix/playground-test/src/Feature/Http/Controllers/Resource/Playground/UpdateTrait.php" line="45" class="Tests\Feature\Playground\Cms\Resource\Http\Controllers\Playground\PageRouteTest" classname="Tests.Feature.Playground.Cms.Resource.Http.Controllers.Playground.PageRouteTest" assertions="1" time="0.166691"/>
        <testcase name="test_update_as_admin_without_payload_and_fail_validation" file="/app/vendor/gammamatrix/playground-test/src/Feature/Http/Controllers/Resource/Playground/UpdateTrait.php" line="65" class="Tests\Feature\Playground\Cms\Resource\Http\Controllers\Playground\PageRouteTest" classname="Tests.Feature.Playground.Cms.Resource.Http.Controllers.Playground.PageRouteTest" assertions="4" time="0.181505"/>
        <testcase name="test_admin_can_update" file="/app/vendor/gammamatrix/playground-test/src/Feature/Http/Controllers/Resource/Playground/UpdateTrait.php" line="90" class="Tests\Feature\Playground\Cms\Resource\Http\Controllers\Playground\PageRouteTest" classname="Tests.Feature.Playground.Cms.Resource.Http.Controllers.Playground.PageRouteTest" assertions="6" time="0.288566"/>
        <testcase name="test_admin_can_update_view_with_return_url" file="/app/vendor/gammamatrix/playground-test/src/Feature/Http/Controllers/Resource/Playground/UpdateTrait.php" line="133" class="Tests\Feature\Playground\Cms\Resource\Http\Controllers\Playground\PageRouteTest" classname="Tests.Feature.Playground.Cms.Resource.Http.Controllers.Playground.PageRouteTest" assertions="6" time="0.238126"/>
      </testsuite>
      <testsuite name="Tests\Feature\Playground\Cms\Resource\Http\Controllers\Playground\SnippetRouteTest" file="/app/tests/Feature/Http/Controllers/Playground/SnippetRouteTest.php" tests="91" assertions="1227" errors="0" failures="0" skipped="0" time="17.318982">
        <testcase name="test_json_guest_cannot_get_create_info" file="/app/vendor/gammamatrix/playground-test/src/Feature/Http/Controllers/Resource/Playground/CreateJsonTrait.php" line="38" class="Tests\Feature\Playground\Cms\Resource\Http\Controllers\Playground\SnippetRouteTest" classname="Tests.Feature.Playground.Cms.Resource.Http.Controllers.Playground.SnippetRouteTest" assertions="1" time="0.234779"/>
        <testcase name="test_json_admin_can_get_create_info" file="/app/vendor/gammamatrix/playground-test/src/Feature/Http/Controllers/Resource/Playground/CreateJsonTrait.php" line="53" class="Tests\Feature\Playground\Cms\Resource\Http\Controllers\Playground\SnippetRouteTest" classname="Tests.Feature.Playground.Cms.Resource.Http.Controllers.Playground.SnippetRouteTest" assertions="73" time="0.181698"/>
        <testcase name="test_json_get_create_info_as_admin_with_invalid_parameter_and_fail_validation" file="/app/vendor/gammamatrix/playground-test/src/Feature/Http/Controllers/Resource/Playground/CreateJsonTrait.php" line="73" class="Tests\Feature\Playground\Cms\Resource\Http\Controllers\Playground\SnippetRouteTest" classname="Tests.Feature.Playground.Cms.Resource.Http.Controllers.Playground.SnippetRouteTest" assertions="4" time="0.171729"/>
        <testcase name="test_guest_cannot_render_create_view" file="/app/vendor/gammamatrix/playground-test/src/Feature/Http/Controllers/Resource/Playground/CreateTrait.php" line="33" class="Tests\Feature\Playground\Cms\Resource\Http\Controllers\Playground\SnippetRouteTest" classname="Tests.Feature.Playground.Cms.Resource.Http.Controllers.Playground.SnippetRouteTest" assertions="1" time="0.161739"/>
        <testcase name="test_admin_can_render_create_view" file="/app/vendor/gammamatrix/playground-test/src/Feature/Http/Controllers/Resource/Playground/CreateTrait.php" line="47" class="Tests\Feature\Playground\Cms\Resource\Http\Controllers\Playground\SnippetRouteTest" classname="Tests.Feature.Playground.Cms.Resource.Http.Controllers.Playground.SnippetRouteTest" assertions="2" time="0.223677"/>
        <testcase name="test_admin_can_render_create_view_with_return_url" file="/app/vendor/gammamatrix/playground-test/src/Feature/Http/Controllers/Resource/Playground/CreateTrait.php" line="65" class="Tests\Feature\Playground\Cms\Resource\Http\Controllers\Playground\SnippetRouteTest" classname="Tests.Feature.Playground.Cms.Resource.Http.Controllers.Playground.SnippetRouteTest" assertions="3" time="0.195197"/>
        <testcase name="test_create_view_as_admin_with_invalid_parameter_and_fail_validation_and_redirect" file="/app/vendor/gammamatrix/playground-test/src/Feature/Http/Controllers/Resource/Playground/CreateTrait.php" line="92" class="Tests\Feature\Playground\Cms\Resource\Http\Controllers\Playground\SnippetRouteTest" classname="Tests.Feature.Playground.Cms.Resource.Http.Controllers.Playground.SnippetRouteTest" assertions="5" time="0.172834"/>
        <testcase name="test_json_guest_cannot_destroy" file="/app/vendor/gammamatrix/playground-test/src/Feature/Http/Controllers/Resource/Playground/DestroyJsonTrait.php" line="31" class="Tests\Feature\Playground\Cms\Resource\Http\Controllers\Playground\SnippetRouteTest" classname="Tests.Feature.Playground.Cms.Resource.Http.Controllers.Playground.SnippetRouteTest" assertions="3" time="0.175263"/>
        <testcase name="test_json_destroy_as_admin_and_succeed" file="/app/vendor/gammamatrix/playground-test/src/Feature/Http/Controllers/Resource/Playground/DestroyJsonTrait.php" line="61" class="Tests\Feature\Playground\Cms\Resource\Http\Controllers\Playground\SnippetRouteTest" classname="Tests.Feature.Playground.Cms.Resource.Http.Controllers.Playground.SnippetRouteTest" assertions="5" time="0.191198"/>
        <testcase name="test_json_destroy_as_admin_and_succeed_with_force_delete" file="/app/vendor/gammamatrix/playground-test/src/Feature/Http/Controllers/Resource/Playground/DestroyJsonTrait.php" line="100" class="Tests\Feature\Playground\Cms\Resource\Http\Controllers\Playground\SnippetRouteTest" classname="Tests.Feature.Playground.Cms.Resource.Http.Controllers.Playground.SnippetRouteTest" assertions="4" time="0.179044"/>
        <testcase name="test_json_destroy_as_admin_and_succeed_with_no_content" file="/app/vendor/gammamatrix/playground-test/src/Feature/Http/Controllers/Resource/Playground/DestroyJsonTrait.php" line="132" class="Tests\Feature\Playground\Cms\Resource\Http\Controllers\Playground\SnippetRouteTest" classname="Tests.Feature.Playground.Cms.Resource.Http.Controllers.Playground.SnippetRouteTest" assertions="5" time="0.179935"/>
        <testcase name="test_json_destroy_as_admin_and_succeed_and_ignore_redirect" file="/app/vendor/gammamatrix/playground-test/src/Feature/Http/Controllers/Resource/Playground/DestroyJsonTrait.php" line="167" class="Tests\Feature\Playground\Cms\Resource\Http\Controllers\Playground\SnippetRouteTest" classname="Tests.Feature.Playground.Cms.Resource.Http.Controllers.Playground.SnippetRouteTest" assertions="5" time="0.179695"/>
        <testcase name="test_json_destroy_as_user_and_get_denied_and_no_force_delete_allowed" file="/app/vendor/gammamatrix/playground-test/src/Feature/Http/Controllers/Resource/Playground/DestroyJsonTrait.php" line="209" class="Tests\Feature\Playground\Cms\Resource\Http\Controllers\Playground\SnippetRouteTest" classname="Tests.Feature.Playground.Cms.Resource.Http.Controllers.Playground.SnippetRouteTest" assertions="3" time="0.181513"/>
        <testcase name="test_guest_cannot_destroy" file="/app/vendor/gammamatrix/playground-test/src/Feature/Http/Controllers/Resource/Playground/DestroyTrait.php" line="31" class="Tests\Feature\Playground\Cms\Resource\Http\Controllers\Playground\SnippetRouteTest" classname="Tests.Feature.Playground.Cms.Resource.Http.Controllers.Playground.SnippetRouteTest" assertions="3" time="0.174029"/>
        <testcase name="test_destroy_as_admin_and_succeed" file="/app/vendor/gammamatrix/playground-test/src/Feature/Http/Controllers/Resource/Playground/DestroyTrait.php" line="61" class="Tests\Feature\Playground\Cms\Resource\Http\Controllers\Playground\SnippetRouteTest" classname="Tests.Feature.Playground.Cms.Resource.Http.Controllers.Playground.SnippetRouteTest" assertions="5" time="0.183448"/>
        <testcase name="test_destroy_as_admin_and_succeed_with_force_delete" file="/app/vendor/gammamatrix/playground-test/src/Feature/Http/Controllers/Resource/Playground/DestroyTrait.php" line="97" class="Tests\Feature\Playground\Cms\Resource\Http\Controllers\Playground\SnippetRouteTest" classname="Tests.Feature.Playground.Cms.Resource.Http.Controllers.Playground.SnippetRouteTest" assertions="4" time="0.176451"/>
        <testcase name="test_destroy_as_admin_and_succeed_with_redirect_to_index_with_trash" file="/app/vendor/gammamatrix/playground-test/src/Feature/Http/Controllers/Resource/Playground/DestroyTrait.php" line="129" class="Tests\Feature\Playground\Cms\Resource\Http\Controllers\Playground\SnippetRouteTest" classname="Tests.Feature.Playground.Cms.Resource.Http.Controllers.Playground.SnippetRouteTest" assertions="5" time="0.181106"/>
        <testcase name="test_destroy_as_user_and_get_denied_and_no_force_delete_allowed" file="/app/vendor/gammamatrix/playground-test/src/Feature/Http/Controllers/Resource/Playground/DestroyTrait.php" line="171" class="Tests\Feature\Playground\Cms\Resource\Http\Controllers\Playground\SnippetRouteTest" classname="Tests.Feature.Playground.Cms.Resource.Http.Controllers.Playground.SnippetRouteTest" assertions="3" time="0.196374"/>
        <testcase name="test_json_guest_cannot_get_edit_info" file="/app/vendor/gammamatrix/playground-test/src/Feature/Http/Controllers/Resource/Playground/EditJsonTrait.php" line="38" class="Tests\Feature\Playground\Cms\Resource\Http\Controllers\Playground\SnippetRouteTest" classname="Tests.Feature.Playground.Cms.Resource.Http.Controllers.Playground.SnippetRouteTest" assertions="1" time="0.179250"/>
        <testcase name="test_json_admin_can_get_edit_info" file="/app/vendor/gammamatrix/playground-test/src/Feature/Http/Controllers/Resource/Playground/EditJsonTrait.php" line="58" class="Tests\Feature\Playground\Cms\Resource\Http\Controllers\Playground\SnippetRouteTest" classname="Tests.Feature.Playground.Cms.Resource.Http.Controllers.Playground.SnippetRouteTest" assertions="4" time="0.190969"/>
        <testcase name="test_json_edit_as_admin_and_fail_validation_with_invalid_parameter" file="/app/vendor/gammamatrix/playground-test/src/Feature/Http/Controllers/Resource/Playground/EditJsonTrait.php" line="87" class="Tests\Feature\Playground\Cms\Resource\Http\Controllers\Playground\SnippetRouteTest" classname="Tests.Feature.Playground.Cms.Resource.Http.Controllers.Playground.SnippetRouteTest" assertions="4" time="0.187038"/>
        <testcase name="test_guest_cannot_render_edit_view" file="/app/vendor/gammamatrix/playground-test/src/Feature/Http/Controllers/Resource/Playground/EditTrait.php" line="33" class="Tests\Feature\Playground\Cms\Resource\Http\Controllers\Playground\SnippetRouteTest" classname="Tests.Feature.Playground.Cms.Resource.Http.Controllers.Playground.SnippetRouteTest" assertions="1" time="0.172657"/>
        <testcase name="test_admin_can_render_edit_view" file="/app/vendor/gammamatrix/playground-test/src/Feature/Http/Controllers/Resource/Playground/EditTrait.php" line="53" class="Tests\Feature\Playground\Cms\Resource\Http\Controllers\Playground\SnippetRouteTest" classname="Tests.Feature.Playground.Cms.Resource.Http.Controllers.Playground.SnippetRouteTest" assertions="2" time="0.202259"/>
        <testcase name="test_admin_can_render_edit_view_with_return_url" file="/app/vendor/gammamatrix/playground-test/src/Feature/Http/Controllers/Resource/Playground/EditTrait.php" line="77" class="Tests\Feature\Playground\Cms\Resource\Http\Controllers\Playground\SnippetRouteTest" classname="Tests.Feature.Playground.Cms.Resource.Http.Controllers.Playground.SnippetRouteTest" assertions="3" time="0.203415"/>
        <testcase name="test_edit_view_as_admin_with_invalid_parameter_and_fail_validation_and_redirect" file="/app/vendor/gammamatrix/playground-test/src/Feature/Http/Controllers/Resource/Playground/EditTrait.php" line="109" class="Tests\Feature\Playground\Cms\Resource\Http\Controllers\Playground\SnippetRouteTest" classname="Tests.Feature.Playground.Cms.Resource.Http.Controllers.Playground.SnippetRouteTest" assertions="4" time="0.188683"/>
        <testcase name="test_json_guest_cannot_get_index" file="/app/vendor/gammamatrix/playground-test/src/Feature/Http/Controllers/Resource/Playground/IndexJsonTrait.php" line="34" class="Tests\Feature\Playground\Cms\Resource\Http\Controllers\Playground\SnippetRouteTest" classname="Tests.Feature.Playground.Cms.Resource.Http.Controllers.Playground.SnippetRouteTest" assertions="1" time="0.215813"/>
        <testcase name="test_json_admin_can_get_index" file="/app/vendor/gammamatrix/playground-test/src/Feature/Http/Controllers/Resource/Playground/IndexJsonTrait.php" line="49" class="Tests\Feature\Playground\Cms\Resource\Http\Controllers\Playground\SnippetRouteTest" classname="Tests.Feature.Playground.Cms.Resource.Http.Controllers.Playground.SnippetRouteTest" assertions="80" time="0.193038"/>
        <testcase name="test_json_admin_can_get_index_with_filters" file="/app/vendor/gammamatrix/playground-test/src/Feature/Http/Controllers/Resource/Playground/IndexJsonTrait.php" line="85" class="Tests\Feature\Playground\Cms\Resource\Http\Controllers\Playground\SnippetRouteTest" classname="Tests.Feature.Playground.Cms.Resource.Http.Controllers.Playground.SnippetRouteTest" assertions="3" time="0.187829"/>
        <testcase name="test_guest_cannot_render_index_view" file="/app/vendor/gammamatrix/playground-test/src/Feature/Http/Controllers/Resource/Playground/IndexTrait.php" line="29" class="Tests\Feature\Playground\Cms\Resource\Http\Controllers\Playground\SnippetRouteTest" classname="Tests.Feature.Playground.Cms.Resource.Http.Controllers.Playground.SnippetRouteTest" assertions="1" time="0.169211"/>
        <testcase name="test_admin_can_render_index_view" file="/app/vendor/gammamatrix/playground-test/src/Feature/Http/Controllers/Resource/Playground/IndexTrait.php" line="44" class="Tests\Feature\Playground\Cms\Resource\Http\Controllers\Playground\SnippetRouteTest" classname="Tests.Feature.Playground.Cms.Resource.Http.Controllers.Playground.SnippetRouteTest" assertions="2" time="0.208021"/>
        <testcase name="test_admin_can_render_index_view_with_filters" file="/app/vendor/gammamatrix/playground-test/src/Feature/Http/Controllers/Resource/Playground/IndexTrait.php" line="77" class="Tests\Feature\Playground\Cms\Resource\Http\Controllers\Playground\SnippetRouteTest" classname="Tests.Feature.Playground.Cms.Resource.Http.Controllers.Playground.SnippetRouteTest" assertions="3" time="0.205438"/>
        <testcase name="test_json_guest_cannot_lock" file="/app/vendor/gammamatrix/playground-test/src/Feature/Http/Controllers/Resource/Playground/LockJsonTrait.php" line="36" class="Tests\Feature\Playground\Cms\Resource\Http\Controllers\Playground\SnippetRouteTest" classname="Tests.Feature.Playground.Cms.Resource.Http.Controllers.Playground.SnippetRouteTest" assertions="3" time="0.170995"/>
        <testcase name="test_json_lock_as_admin_and_succeed" file="/app/vendor/gammamatrix/playground-test/src/Feature/Http/Controllers/Resource/Playground/LockJsonTrait.php" line="66" class="Tests\Feature\Playground\Cms\Resource\Http\Controllers\Playground\SnippetRouteTest" classname="Tests.Feature.Playground.Cms.Resource.Http.Controllers.Playground.SnippetRouteTest" assertions="3" time="0.187145"/>
        <testcase name="test_json_lock_as_admin_and_succeed_with_no_redirect" file="/app/vendor/gammamatrix/playground-test/src/Feature/Http/Controllers/Resource/Playground/LockJsonTrait.php" line="98" class="Tests\Feature\Playground\Cms\Resource\Http\Controllers\Playground\SnippetRouteTest" classname="Tests.Feature.Playground.Cms.Resource.Http.Controllers.Playground.SnippetRouteTest" assertions="75" time="0.182752"/>
        <testcase name="test_json_lock_as_user_and_get_denied" file="/app/vendor/gammamatrix/playground-test/src/Feature/Http/Controllers/Resource/Playground/LockJsonTrait.php" line="143" class="Tests\Feature\Playground\Cms\Resource\Http\Controllers\Playground\SnippetRouteTest" classname="Tests.Feature.Playground.Cms.Resource.Http.Controllers.Playground.SnippetRouteTest" assertions="3" time="0.173904"/>
        <testcase name="test_guest_cannot_lock" file="/app/vendor/gammamatrix/playground-test/src/Feature/Http/Controllers/Resource/Playground/LockTrait.php" line="31" class="Tests\Feature\Playground\Cms\Resource\Http\Controllers\Playground\SnippetRouteTest" classname="Tests.Feature.Playground.Cms.Resource.Http.Controllers.Playground.SnippetRouteTest" assertions="3" time="0.172469"/>
        <testcase name="test_lock_as_admin_and_succeed" file="/app/vendor/gammamatrix/playground-test/src/Feature/Http/Controllers/Resource/Playground/LockTrait.php" line="61" class="Tests\Feature\Playground\Cms\Resource\Http\Controllers\Playground\SnippetRouteTest" classname="Tests.Feature.Playground.Cms.Resource.Http.Controllers.Playground.SnippetRouteTest" assertions="4" time="0.182947"/>
        <testcase name="test_lock_as_admin_and_succeed_with_redirect_to_index_with_sorted_by_locked_desc" file="/app/vendor/gammamatrix/playground-test/src/Feature/Http/Controllers/Resource/Playground/LockTrait.php" line="95" class="Tests\Feature\Playground\Cms\Resource\Http\Controllers\Playground\SnippetRouteTest" classname="Tests.Feature.Playground.Cms.Resource.Http.Controllers.Playground.SnippetRouteTest" assertions="4" time="0.177626"/>
        <testcase name="test_lock_as_user_and_get_denied" file="/app/vendor/gammamatrix/playground-test/src/Feature/Http/Controllers/Resource/Playground/LockTrait.php" line="132" class="Tests\Feature\Playground\Cms\Resource\Http\Controllers\Playground\SnippetRouteTest" classname="Tests.Feature.Playground.Cms.Resource.Http.Controllers.Playground.SnippetRouteTest" assertions="3" time="0.174852"/>
        <testcase name="test_json_guest_cannot_restore" file="/app/vendor/gammamatrix/playground-test/src/Feature/Http/Controllers/Resource/Playground/RestoreJsonTrait.php" line="32" class="Tests\Feature\Playground\Cms\Resource\Http\Controllers\Playground\SnippetRouteTest" classname="Tests.Feature.Playground.Cms.Resource.Http.Controllers.Playground.SnippetRouteTest" assertions="3" time="0.171133"/>
        <testcase name="test_json_restore_as_admin_and_succeed" file="/app/vendor/gammamatrix/playground-test/src/Feature/Http/Controllers/Resource/Playground/RestoreJsonTrait.php" line="64" class="Tests\Feature\Playground\Cms\Resource\Http\Controllers\Playground\SnippetRouteTest" classname="Tests.Feature.Playground.Cms.Resource.Http.Controllers.Playground.SnippetRouteTest" assertions="75" time="0.190226"/>
        <testcase name="test_json_restore_as_admin_and_succeed_with_no_redirect" file="/app/vendor/gammamatrix/playground-test/src/Feature/Http/Controllers/Resource/Playground/RestoreJsonTrait.php" line="100" class="Tests\Feature\Playground\Cms\Resource\Http\Controllers\Playground\SnippetRouteTest" classname="Tests.Feature.Playground.Cms.Resource.Http.Controllers.Playground.SnippetRouteTest" assertions="75" time="0.188356"/>
        <testcase name="test_json_restore_as_user_and_get_denied" file="/app/vendor/gammamatrix/playground-test/src/Feature/Http/Controllers/Resource/Playground/RestoreJsonTrait.php" line="143" class="Tests\Feature\Playground\Cms\Resource\Http\Controllers\Playground\SnippetRouteTest" classname="Tests.Feature.Playground.Cms.Resource.Http.Controllers.Playground.SnippetRouteTest" assertions="3" time="0.174996"/>
        <testcase name="test_json_guest_cannot_restore_revision" file="/app/vendor/gammamatrix/playground-test/src/Feature/Http/Controllers/Resource/Playground/RestoreRevisionJsonTrait.php" line="43" class="Tests\Feature\Playground\Cms\Resource\Http\Controllers\Playground\SnippetRouteTest" classname="Tests.Feature.Playground.Cms.Resource.Http.Controllers.Playground.SnippetRouteTest" assertions="3" time="0.181373"/>
        <testcase name="test_json_restore_revision_as_admin_and_succeed" file="/app/vendor/gammamatrix/playground-test/src/Feature/Http/Controllers/Resource/Playground/RestoreRevisionJsonTrait.php" line="79" class="Tests\Feature\Playground\Cms\Resource\Http\Controllers\Playground\SnippetRouteTest" classname="Tests.Feature.Playground.Cms.Resource.Http.Controllers.Playground.SnippetRouteTest" assertions="75" time="0.233906"/>
        <testcase name="test_json_restore_revision_as_admin_and_succeed_without_redirect" file="/app/vendor/gammamatrix/playground-test/src/Feature/Http/Controllers/Resource/Playground/RestoreRevisionJsonTrait.php" line="119" class="Tests\Feature\Playground\Cms\Resource\Http\Controllers\Playground\SnippetRouteTest" classname="Tests.Feature.Playground.Cms.Resource.Http.Controllers.Playground.SnippetRouteTest" assertions="75" time="0.233307"/>
        <testcase name="test_json_restore_revision_as_user_and_get_denied" file="/app/vendor/gammamatrix/playground-test/src/Feature/Http/Controllers/Resource/Playground/RestoreRevisionJsonTrait.php" line="171" class="Tests\Feature\Playground\Cms\Resource\Http\Controllers\Playground\SnippetRouteTest" classname="Tests.Feature.Playground.Cms.Resource.Http.Controllers.Playground.SnippetRouteTest" assertions="3" time="0.200620"/>
        <testcase name="test_guest_cannot_restore_revision" file="/app/vendor/gammamatrix/playground-test/src/Feature/Http/Controllers/Resource/Playground/RestoreRevisionTrait.php" line="38" class="Tests\Feature\Playground\Cms\Resource\Http\Controllers\Playground\SnippetRouteTest" classname="Tests.Feature.Playground.Cms.Resource.Http.Controllers.Playground.SnippetRouteTest" assertions="3" time="0.176053"/>
        <testcase name="test_restore_revision_as_admin_and_succeed" file="/app/vendor/gammamatrix/playground-test/src/Feature/Http/Controllers/Resource/Playground/RestoreRevisionTrait.php" line="74" class="Tests\Feature\Playground\Cms\Resource\Http\Controllers\Playground\SnippetRouteTest" classname="Tests.Feature.Playground.Cms.Resource.Http.Controllers.Playground.SnippetRouteTest" assertions="4" time="0.229843"/>
        <testcase name="test_restore_revision_as_admin_and_succeed_with_redirect_to_index_with_only_trash" file="/app/vendor/gammamatrix/playground-test/src/Feature/Http/Controllers/Resource/Playground/RestoreRevisionTrait.php" line="114" class="Tests\Feature\Playground\Cms\Resource\Http\Controllers\Playground\SnippetRouteTest" classname="Tests.Feature.Playground.Cms.Resource.Http.Controllers.Playground.SnippetRouteTest" assertions="4" time="0.256502"/>
        <testcase name="test_restore_revision_as_user_and_get_denied" file="/app/vendor/gammamatrix/playground-test/src/Feature/Http/Controllers/Resource/Playground/RestoreRevisionTrait.php" line="164" class="Tests\Feature\Playground\Cms\Resource\Http\Controllers\Playground\SnippetRouteTest" classname="Tests.Feature.Playground.Cms.Resource.Http.Controllers.Playground.SnippetRouteTest" assertions="3" time="0.193560"/>
        <testcase name="test_guest_cannot_restore" file="/app/vendor/gammamatrix/playground-test/src/Feature/Http/Controllers/Resource/Playground/RestoreTrait.php" line="32" class="Tests\Feature\Playground\Cms\Resource\Http\Controllers\Playground\SnippetRouteTest" classname="Tests.Feature.Playground.Cms.Resource.Http.Controllers.Playground.SnippetRouteTest" assertions="3" time="0.166814"/>
        <testcase name="test_restore_as_admin_and_succeed" file="/app/vendor/gammamatrix/playground-test/src/Feature/Http/Controllers/Resource/Playground/RestoreTrait.php" line="64" class="Tests\Feature\Playground\Cms\Resource\Http\Controllers\Playground\SnippetRouteTest" classname="Tests.Feature.Playground.Cms.Resource.Http.Controllers.Playground.SnippetRouteTest" assertions="4" time="0.178554"/>
        <testcase name="test_restore_as_admin_and_succeed_with_redirect_to_index_with_only_trash" file="/app/vendor/gammamatrix/playground-test/src/Feature/Http/Controllers/Resource/Playground/RestoreTrait.php" line="100" class="Tests\Feature\Playground\Cms\Resource\Http\Controllers\Playground\SnippetRouteTest" classname="Tests.Feature.Playground.Cms.Resource.Http.Controllers.Playground.SnippetRouteTest" assertions="4" time="0.177755"/>
        <testcase name="test_restore_as_user_and_get_denied" file="/app/vendor/gammamatrix/playground-test/src/Feature/Http/Controllers/Resource/Playground/RestoreTrait.php" line="146" class="Tests\Feature\Playground\Cms\Resource\Http\Controllers\Playground\SnippetRouteTest" classname="Tests.Feature.Playground.Cms.Resource.Http.Controllers.Playground.SnippetRouteTest" assertions="3" time="0.179359"/>
        <testcase name="test_json_guest_cannot_render_revision_view" file="/app/vendor/gammamatrix/playground-test/src/Feature/Http/Controllers/Resource/Playground/RevisionJsonTrait.php" line="38" class="Tests\Feature\Playground\Cms\Resource\Http\Controllers\Playground\SnippetRouteTest" classname="Tests.Feature.Playground.Cms.Resource.Http.Controllers.Playground.SnippetRouteTest" assertions="2" time="0.178566"/>
        <testcase name="test_json_admin_can_get_revision_info" file="/app/vendor/gammamatrix/playground-test/src/Feature/Http/Controllers/Resource/Playground/RevisionJsonTrait.php" line="69" class="Tests\Feature\Playground\Cms\Resource\Http\Controllers\Playground\SnippetRouteTest" classname="Tests.Feature.Playground.Cms.Resource.Http.Controllers.Playground.SnippetRouteTest" assertions="74" time="0.203600"/>
        <testcase name="test_json_guest_cannot_get_revisions" file="/app/vendor/gammamatrix/playground-test/src/Feature/Http/Controllers/Resource/Playground/RevisionsJsonTrait.php" line="34" class="Tests\Feature\Playground\Cms\Resource\Http\Controllers\Playground\SnippetRouteTest" classname="Tests.Feature.Playground.Cms.Resource.Http.Controllers.Playground.SnippetRouteTest" assertions="2" time="0.235517"/>
        <testcase name="test_json_admin_can_get_revisions" file="/app/vendor/gammamatrix/playground-test/src/Feature/Http/Controllers/Resource/Playground/RevisionsJsonTrait.php" line="63" class="Tests\Feature\Playground\Cms\Resource\Http\Controllers\Playground\SnippetRouteTest" classname="Tests.Feature.Playground.Cms.Resource.Http.Controllers.Playground.SnippetRouteTest" assertions="2" time="0.198565"/>
        <testcase name="test_json_admin_can_get_revisions_with_filters" file="/app/vendor/gammamatrix/playground-test/src/Feature/Http/Controllers/Resource/Playground/RevisionsJsonTrait.php" line="104" class="Tests\Feature\Playground\Cms\Resource\Http\Controllers\Playground\SnippetRouteTest" classname="Tests.Feature.Playground.Cms.Resource.Http.Controllers.Playground.SnippetRouteTest" assertions="81" time="0.197970"/>
        <testcase name="test_guest_cannot_render_revisions_view" file="/app/vendor/gammamatrix/playground-test/src/Feature/Http/Controllers/Resource/Playground/RevisionsTrait.php" line="34" class="Tests\Feature\Playground\Cms\Resource\Http\Controllers\Playground\SnippetRouteTest" classname="Tests.Feature.Playground.Cms.Resource.Http.Controllers.Playground.SnippetRouteTest" assertions="2" time="0.176175"/>
        <testcase name="test_admin_can_render_revisions_view" file="/app/vendor/gammamatrix/playground-test/src/Feature/Http/Controllers/Resource/Playground/RevisionsTrait.php" line="63" class="Tests\Feature\Playground\Cms\Resource\Http\Controllers\Playground\SnippetRouteTest" classname="Tests.Feature.Playground.Cms.Resource.Http.Controllers.Playground.SnippetRouteTest" assertions="2" time="0.226788"/>
        <testcase name="test_admin_can_render_revisions_view_with_filters" file="/app/vendor/gammamatrix/playground-test/src/Feature/Http/Controllers/Resource/Playground/RevisionsTrait.php" line="104" class="Tests\Feature\Playground\Cms\Resource\Http\Controllers\Playground\SnippetRouteTest" classname="Tests.Feature.Playground.Cms.Resource.Http.Controllers.Playground.SnippetRouteTest" assertions="3" time="0.218753"/>
        <testcase name="test_guest_cannot_render_revision_view" file="/app/vendor/gammamatrix/playground-test/src/Feature/Http/Controllers/Resource/Playground/RevisionTrait.php" line="38" class="Tests\Feature\Playground\Cms\Resource\Http\Controllers\Playground\SnippetRouteTest" classname="Tests.Feature.Playground.Cms.Resource.Http.Controllers.Playground.SnippetRouteTest" assertions="2" time="0.176839"/>
        <testcase name="test_revision_view_rendered_by_admin" file="/app/vendor/gammamatrix/playground-test/src/Feature/Http/Controllers/Resource/Playground/RevisionTrait.php" line="69" class="Tests\Feature\Playground\Cms\Resource\Http\Controllers\Playground\SnippetRouteTest" classname="Tests.Feature.Playground.Cms.Resource.Http.Controllers.Playground.SnippetRouteTest" assertions="2" time="0.200365"/>
        <testcase name="test_json_guest_cannot_see_info" file="/app/vendor/gammamatrix/playground-test/src/Feature/Http/Controllers/Resource/Playground/ShowJsonTrait.php" line="29" class="Tests\Feature\Playground\Cms\Resource\Http\Controllers\Playground\SnippetRouteTest" classname="Tests.Feature.Playground.Cms.Resource.Http.Controllers.Playground.SnippetRouteTest" assertions="1" time="0.172099"/>
        <testcase name="test_json_show_info_for_admin" file="/app/vendor/gammamatrix/playground-test/src/Feature/Http/Controllers/Resource/Playground/ShowJsonTrait.php" line="49" class="Tests\Feature\Playground\Cms\Resource\Http\Controllers\Playground\SnippetRouteTest" classname="Tests.Feature.Playground.Cms.Resource.Http.Controllers.Playground.SnippetRouteTest" assertions="74" time="0.193828"/>
        <testcase name="test_guest_cannot_render_show_view" file="/app/vendor/gammamatrix/playground-test/src/Feature/Http/Controllers/Resource/Playground/ShowTrait.php" line="29" class="Tests\Feature\Playground\Cms\Resource\Http\Controllers\Playground\SnippetRouteTest" classname="Tests.Feature.Playground.Cms.Resource.Http.Controllers.Playground.SnippetRouteTest" assertions="1" time="0.167912"/>
        <testcase name="test_show_view_rendered_by_admin" file="/app/vendor/gammamatrix/playground-test/src/Feature/Http/Controllers/Resource/Playground/ShowTrait.php" line="49" class="Tests\Feature\Playground\Cms\Resource\Http\Controllers\Playground\SnippetRouteTest" classname="Tests.Feature.Playground.Cms.Resource.Http.Controllers.Playground.SnippetRouteTest" assertions="2" time="0.193802"/>
        <testcase name="test_json_guest_cannot_store" file="/app/vendor/gammamatrix/playground-test/src/Feature/Http/Controllers/Resource/Playground/StoreJsonTrait.php" line="43" class="Tests\Feature\Playground\Cms\Resource\Http\Controllers\Playground\SnippetRouteTest" classname="Tests.Feature.Playground.Cms.Resource.Http.Controllers.Playground.SnippetRouteTest" assertions="3" time="0.183911"/>
        <testcase name="test_json_store_as_admin_without_payload_and_fail_validation" file="/app/vendor/gammamatrix/playground-test/src/Feature/Http/Controllers/Resource/Playground/StoreJsonTrait.php" line="66" class="Tests\Feature\Playground\Cms\Resource\Http\Controllers\Playground\SnippetRouteTest" classname="Tests.Feature.Playground.Cms.Resource.Http.Controllers.Playground.SnippetRouteTest" assertions="5" time="0.174940"/>
        <testcase name="test_json_store_as_admin_and_succeed" file="/app/vendor/gammamatrix/playground-test/src/Feature/Http/Controllers/Resource/Playground/StoreJsonTrait.php" line="92" class="Tests\Feature\Playground\Cms\Resource\Http\Controllers\Playground\SnippetRouteTest" classname="Tests.Feature.Playground.Cms.Resource.Http.Controllers.Playground.SnippetRouteTest" assertions="3" time="0.207226"/>
        <testcase name="test_guest_cannot_store" file="/app/vendor/gammamatrix/playground-test/src/Feature/Http/Controllers/Resource/Playground/StoreTrait.php" line="38" class="Tests\Feature\Playground\Cms\Resource\Http\Controllers\Playground\SnippetRouteTest" classname="Tests.Feature.Playground.Cms.Resource.Http.Controllers.Playground.SnippetRouteTest" assertions="3" time="0.163428"/>
        <testcase name="test_store_as_admin_without_payload_and_fail_validation" file="/app/vendor/gammamatrix/playground-test/src/Feature/Http/Controllers/Resource/Playground/StoreTrait.php" line="61" class="Tests\Feature\Playground\Cms\Resource\Http\Controllers\Playground\SnippetRouteTest" classname="Tests.Feature.Playground.Cms.Resource.Http.Controllers.Playground.SnippetRouteTest" assertions="5" time="0.173643"/>
        <testcase name="test_store_as_admin_and_succeed" file="/app/vendor/gammamatrix/playground-test/src/Feature/Http/Controllers/Resource/Playground/StoreTrait.php" line="90" class="Tests\Feature\Playground\Cms\Resource\Http\Controllers\Playground\SnippetRouteTest" classname="Tests.Feature.Playground.Cms.Resource.Http.Controllers.Playground.SnippetRouteTest" assertions="4" time="0.193370"/>
        <testcase name="test_store_as_admin_and_succeed_with_return_url" file="/app/vendor/gammamatrix/playground-test/src/Feature/Http/Controllers/Resource/Playground/StoreTrait.php" line="135" class="Tests\Feature\Playground\Cms\Resource\Http\Controllers\Playground\SnippetRouteTest" classname="Tests.Feature.Playground.Cms.Resource.Http.Controllers.Playground.SnippetRouteTest" assertions="4" time="0.200861"/>
        <testcase name="test_json_guest_cannot_unlock" file="/app/vendor/gammamatrix/playground-test/src/Feature/Http/Controllers/Resource/Playground/UnlockJsonTrait.php" line="36" class="Tests\Feature\Playground\Cms\Resource\Http\Controllers\Playground\SnippetRouteTest" classname="Tests.Feature.Playground.Cms.Resource.Http.Controllers.Playground.SnippetRouteTest" assertions="3" time="0.173872"/>
        <testcase name="test_json_unlock_as_admin_and_succeed" file="/app/vendor/gammamatrix/playground-test/src/Feature/Http/Controllers/Resource/Playground/UnlockJsonTrait.php" line="68" class="Tests\Feature\Playground\Cms\Resource\Http\Controllers\Playground\SnippetRouteTest" classname="Tests.Feature.Playground.Cms.Resource.Http.Controllers.Playground.SnippetRouteTest" assertions="75" time="0.199018"/>
        <testcase name="test_json_unlock_as_admin_and_succeed_with_no_redirect" file="/app/vendor/gammamatrix/playground-test/src/Feature/Http/Controllers/Resource/Playground/UnlockJsonTrait.php" line="104" class="Tests\Feature\Playground\Cms\Resource\Http\Controllers\Playground\SnippetRouteTest" classname="Tests.Feature.Playground.Cms.Resource.Http.Controllers.Playground.SnippetRouteTest" assertions="75" time="0.184217"/>
        <testcase name="test_json_unlock_as_user_and_get_denied" file="/app/vendor/gammamatrix/playground-test/src/Feature/Http/Controllers/Resource/Playground/UnlockJsonTrait.php" line="145" class="Tests\Feature\Playground\Cms\Resource\Http\Controllers\Playground\SnippetRouteTest" classname="Tests.Feature.Playground.Cms.Resource.Http.Controllers.Playground.SnippetRouteTest" assertions="3" time="0.182899"/>
        <testcase name="test_guest_cannot_unlock" file="/app/vendor/gammamatrix/playground-test/src/Feature/Http/Controllers/Resource/Playground/UnlockTrait.php" line="36" class="Tests\Feature\Playground\Cms\Resource\Http\Controllers\Playground\SnippetRouteTest" classname="Tests.Feature.Playground.Cms.Resource.Http.Controllers.Playground.SnippetRouteTest" assertions="3" time="0.169386"/>
        <testcase name="test_unlock_as_admin_and_succeed" file="/app/vendor/gammamatrix/playground-test/src/Feature/Http/Controllers/Resource/Playground/UnlockTrait.php" line="68" class="Tests\Feature\Playground\Cms\Resource\Http\Controllers\Playground\SnippetRouteTest" classname="Tests.Feature.Playground.Cms.Resource.Http.Controllers.Playground.SnippetRouteTest" assertions="4" time="0.178338"/>
        <testcase name="test_unlock_as_admin_and_succeed_with_redirect_to_index_with_sorted_by_unlocked_desc" file="/app/vendor/gammamatrix/playground-test/src/Feature/Http/Controllers/Resource/Playground/UnlockTrait.php" line="109" class="Tests\Feature\Playground\Cms\Resource\Http\Controllers\Playground\SnippetRouteTest" classname="Tests.Feature.Playground.Cms.Resource.Http.Controllers.Playground.SnippetRouteTest" assertions="4" time="0.180327"/>
        <testcase name="test_unlock_as_user_and_get_denied" file="/app/vendor/gammamatrix/playground-test/src/Feature/Http/Controllers/Resource/Playground/UnlockTrait.php" line="148" class="Tests\Feature\Playground\Cms\Resource\Http\Controllers\Playground\SnippetRouteTest" classname="Tests.Feature.Playground.Cms.Resource.Http.Controllers.Playground.SnippetRouteTest" assertions="3" time="0.178463"/>
        <testcase name="test_json_guest_cannot_update" file="/app/vendor/gammamatrix/playground-test/src/Feature/Http/Controllers/Resource/Playground/UpdateJsonTrait.php" line="45" class="Tests\Feature\Playground\Cms\Resource\Http\Controllers\Playground\SnippetRouteTest" classname="Tests.Feature.Playground.Cms.Resource.Http.Controllers.Playground.SnippetRouteTest" assertions="1" time="0.185173"/>
        <testcase name="test_json_update_as_admin_without_payload_and_fail_validation" file="/app/vendor/gammamatrix/playground-test/src/Feature/Http/Controllers/Resource/Playground/UpdateJsonTrait.php" line="65" class="Tests\Feature\Playground\Cms\Resource\Http\Controllers\Playground\SnippetRouteTest" classname="Tests.Feature.Playground.Cms.Resource.Http.Controllers.Playground.SnippetRouteTest" assertions="4" time="0.183088"/>
        <testcase name="test_json_admin_can_update" file="/app/vendor/gammamatrix/playground-test/src/Feature/Http/Controllers/Resource/Playground/UpdateJsonTrait.php" line="90" class="Tests\Feature\Playground\Cms\Resource\Http\Controllers\Playground\SnippetRouteTest" classname="Tests.Feature.Playground.Cms.Resource.Http.Controllers.Playground.SnippetRouteTest" assertions="77" time="0.240547"/>
        <testcase name="test_guest_cannot_update" file="/app/vendor/gammamatrix/playground-test/src/Feature/Http/Controllers/Resource/Playground/UpdateTrait.php" line="45" class="Tests\Feature\Playground\Cms\Resource\Http\Controllers\Playground\SnippetRouteTest" classname="Tests.Feature.Playground.Cms.Resource.Http.Controllers.Playground.SnippetRouteTest" assertions="1" time="0.168969"/>
        <testcase name="test_update_as_admin_without_payload_and_fail_validation" file="/app/vendor/gammamatrix/playground-test/src/Feature/Http/Controllers/Resource/Playground/UpdateTrait.php" line="65" class="Tests\Feature\Playground\Cms\Resource\Http\Controllers\Playground\SnippetRouteTest" classname="Tests.Feature.Playground.Cms.Resource.Http.Controllers.Playground.SnippetRouteTest" assertions="4" time="0.185681"/>
        <testcase name="test_admin_can_update" file="/app/vendor/gammamatrix/playground-test/src/Feature/Http/Controllers/Resource/Playground/UpdateTrait.php" line="90" class="Tests\Feature\Playground\Cms\Resource\Http\Controllers\Playground\SnippetRouteTest" classname="Tests.Feature.Playground.Cms.Resource.Http.Controllers.Playground.SnippetRouteTest" assertions="6" time="0.230987"/>
        <testcase name="test_admin_can_update_view_with_return_url" file="/app/vendor/gammamatrix/playground-test/src/Feature/Http/Controllers/Resource/Playground/UpdateTrait.php" line="133" class="Tests\Feature\Playground\Cms\Resource\Http\Controllers\Playground\SnippetRouteTest" classname="Tests.Feature.Playground.Cms.Resource.Http.Controllers.Playground.SnippetRouteTest" assertions="6" time="0.241484"/>
      </testsuite>
      <testsuite name="Tests\Feature\Playground\Cms\Resource\Http\Requests\FormRequest\InstanceTest" file="/app/tests/Feature/Http/Requests/FormRequest/InstanceTest.php" tests="1" assertions="1" errors="0" failures="0" skipped="0" time="0.091289">
        <testcase name="test_FormRequest_authorize_with_admin" file="/app/tests/Feature/Http/Requests/FormRequest/InstanceTest.php" line="21" class="Tests\Feature\Playground\Cms\Resource\Http\Requests\FormRequest\InstanceTest" classname="Tests.Feature.Playground.Cms.Resource.Http.Requests.FormRequest.InstanceTest" assertions="1" time="0.091289"/>
      </testsuite>
    </testsuite>
  </testsuite>
</testsuites>
