<?xml version="1.0" encoding="UTF-8"?>
<testsuites>
  <testsuite name="" tests="199" assertions="2478" errors="0" failures="0" skipped="0" time="12.731239">
    <testsuite name="Unit" tests="13" assertions="18" errors="0" failures="0" skipped="0" time="0.285474">
      <testsuite name="Tests\Unit\Playground\Cms\Resource\Http\Requests\FormRequest\InstanceTest" file="/app/tests/Unit/Http/Requests/FormRequest/InstanceTest.php" tests="5" assertions="6" errors="0" failures="0" skipped="0" time="0.220489">
        <testcase name="test_FormRequest_authorize_without_user" file="/app/tests/Unit/Http/Requests/FormRequest/InstanceTest.php" line="24" class="Tests\Unit\Playground\Cms\Resource\Http\Requests\FormRequest\InstanceTest" classname="Tests.Unit.Playground.Cms.Resource.Http.Requests.FormRequest.InstanceTest" assertions="1" time="0.177347"/>
        <testcase name="test_RULES_is_empty_by_default" file="/app/tests/Unit/Http/Requests/FormRequest/InstanceTest.php" line="31" class="Tests\Unit\Playground\Cms\Resource\Http\Requests\FormRequest\InstanceTest" classname="Tests.Unit.Playground.Cms.Resource.Http.Requests.FormRequest.InstanceTest" assertions="2" time="0.004335"/>
        <testcase name="test_userHasAdminPrivileges_without_user" file="/app/tests/Unit/Http/Requests/FormRequest/InstanceTest.php" line="39" class="Tests\Unit\Playground\Cms\Resource\Http\Requests\FormRequest\InstanceTest" classname="Tests.Unit.Playground.Cms.Resource.Http.Requests.FormRequest.InstanceTest" assertions="1" time="0.004153"/>
        <testcase name="test_userHasAdminPrivileges_with_admin" file="/app/tests/Unit/Http/Requests/FormRequest/InstanceTest.php" line="46" class="Tests\Unit\Playground\Cms\Resource\Http\Requests\FormRequest\InstanceTest" classname="Tests.Unit.Playground.Cms.Resource.Http.Requests.FormRequest.InstanceTest" assertions="1" time="0.026782"/>
        <testcase name="test_userHasAdminPrivileges_with_default_laravel_user" file="/app/tests/Unit/Http/Requests/FormRequest/InstanceTest.php" line="58" class="Tests\Unit\Playground\Cms\Resource\Http\Requests\FormRequest\InstanceTest" classname="Tests.Unit.Playground.Cms.Resource.Http.Requests.FormRequest.InstanceTest" assertions="1" time="0.007871"/>
      </testsuite>
      <testsuite name="Tests\Unit\Playground\Cms\Resource\Http\Requests\Page\CreateRequestTest" file="/app/tests/Unit/Http/Requests/Page/CreateRequestTest.php" tests="1" assertions="1" errors="0" failures="0" skipped="0" time="0.019366">
        <testcase name="test_request_instance" file="/app/vendor/gammamatrix/playground-test/src/Unit/Http/Requests/RequestCase.php" line="39" class="Tests\Unit\Playground\Cms\Resource\Http\Requests\Page\CreateRequestTest" classname="Tests.Unit.Playground.Cms.Resource.Http.Requests.Page.CreateRequestTest" assertions="1" time="0.019366"/>
      </testsuite>
      <testsuite name="Tests\Unit\Playground\Cms\Resource\Http\Requests\Snippet\CreateRequestTest" file="/app/tests/Unit/Http/Requests/Snippet/CreateRequestTest.php" tests="1" assertions="1" errors="0" failures="0" skipped="0" time="0.018768">
        <testcase name="test_request_instance" file="/app/vendor/gammamatrix/playground-test/src/Unit/Http/Requests/RequestCase.php" line="39" class="Tests\Unit\Playground\Cms\Resource\Http\Requests\Snippet\CreateRequestTest" classname="Tests.Unit.Playground.Cms.Resource.Http.Requests.Snippet.CreateRequestTest" assertions="1" time="0.018768"/>
      </testsuite>
      <testsuite name="Tests\Unit\Playground\Cms\Resource\Policies\PagePolicy\PolicyTest" file="/app/tests/Unit/Policies/PagePolicy/PolicyTest.php" tests="1" assertions="1" errors="0" failures="0" skipped="0" time="0.004166">
        <testcase name="test_policy_instance" file="/app/tests/Unit/Policies/PagePolicy/PolicyTest.php" line="18" class="Tests\Unit\Playground\Cms\Resource\Policies\PagePolicy\PolicyTest" classname="Tests.Unit.Playground.Cms.Resource.Policies.PagePolicy.PolicyTest" assertions="1" time="0.004166"/>
      </testsuite>
      <testsuite name="Tests\Unit\Playground\Cms\Resource\Policies\SnippetPolicy\PolicyTest" file="/app/tests/Unit/Policies/SnippetPolicy/PolicyTest.php" tests="1" assertions="1" errors="0" failures="0" skipped="0" time="0.004128">
        <testcase name="test_policy_instance" file="/app/tests/Unit/Policies/SnippetPolicy/PolicyTest.php" line="18" class="Tests\Unit\Playground\Cms\Resource\Policies\SnippetPolicy\PolicyTest" classname="Tests.Unit.Playground.Cms.Resource.Policies.SnippetPolicy.PolicyTest" assertions="1" time="0.004128"/>
      </testsuite>
      <testsuite name="Tests\Unit\Playground\Cms\Resource\ServiceProvider\InstanceTest" file="/app/tests/Unit/ServiceProvider/InstanceTest.php" tests="4" assertions="8" errors="0" failures="0" skipped="0" time="0.018557">
        <testcase name="test_version_matches" file="/app/tests/Unit/ServiceProvider/InstanceTest.php" line="18" class="Tests\Unit\Playground\Cms\Resource\ServiceProvider\InstanceTest" classname="Tests.Unit.Playground.Cms.Resource.ServiceProvider.InstanceTest" assertions="3" time="0.004359"/>
        <testcase name="test_setPolicies_with_empty_array" file="/app/tests/Unit/ServiceProvider/InstanceTest.php" line="27" class="Tests\Unit\Playground\Cms\Resource\ServiceProvider\InstanceTest" classname="Tests.Unit.Playground.Cms.Resource.ServiceProvider.InstanceTest" assertions="1" time="0.004316"/>
        <testcase name="test_setPolicies_with_invalid_model" file="/app/tests/Unit/ServiceProvider/InstanceTest.php" line="41" class="Tests\Unit\Playground\Cms\Resource\ServiceProvider\InstanceTest" classname="Tests.Unit.Playground.Cms.Resource.ServiceProvider.InstanceTest" assertions="2" time="0.005474"/>
        <testcase name="test_setPolicies_with_invalid_policy" file="/app/tests/Unit/ServiceProvider/InstanceTest.php" line="70" class="Tests\Unit\Playground\Cms\Resource\ServiceProvider\InstanceTest" classname="Tests.Unit.Playground.Cms.Resource.ServiceProvider.InstanceTest" assertions="2" time="0.004408"/>
      </testsuite>
    </testsuite>
    <testsuite name="Feature" tests="186" assertions="2460" errors="0" failures="0" skipped="0" time="12.445765">
      <testsuite name="Tests\Feature\Playground\Cms\Resource\Console\Commands\About\CommandTest" file="/app/tests/Feature/Console/Commands/About/CommandTest.php" tests="1" assertions="2" errors="0" failures="0" skipped="0" time="0.258190">
        <testcase name="test_command_about_displays_package_information_and_succeed_with_code_0" file="/app/tests/Feature/Console/Commands/About/CommandTest.php" line="19" class="Tests\Feature\Playground\Cms\Resource\Console\Commands\About\CommandTest" classname="Tests.Feature.Playground.Cms.Resource.Console.Commands.About.CommandTest" assertions="2" time="0.258190"/>
      </testsuite>
      <testsuite name="Tests\Feature\Playground\Cms\Resource\Http\Controllers\Playground\IndexRouteTest" file="/app/tests/Feature/Http/Controllers/Playground/IndexRouteTest.php" tests="2" assertions="3" errors="0" failures="0" skipped="0" time="0.136671">
        <testcase name="test_guest_cannot_render_index_view" file="/app/tests/Feature/Http/Controllers/Playground/IndexRouteTest.php" line="19" class="Tests\Feature\Playground\Cms\Resource\Http\Controllers\Playground\IndexRouteTest" classname="Tests.Feature.Playground.Cms.Resource.Http.Controllers.Playground.IndexRouteTest" assertions="1" time="0.057133"/>
        <testcase name="test_admin_can_render_index_view" file="/app/tests/Feature/Http/Controllers/Playground/IndexRouteTest.php" line="28" class="Tests\Feature\Playground\Cms\Resource\Http\Controllers\Playground\IndexRouteTest" classname="Tests.Feature.Playground.Cms.Resource.Http.Controllers.Playground.IndexRouteTest" assertions="2" time="0.079537"/>
      </testsuite>
      <testsuite name="Tests\Feature\Playground\Cms\Resource\Http\Controllers\Playground\PageRouteTest" file="/app/tests/Feature/Http/Controllers/Playground/PageRouteTest.php" tests="91" assertions="1227" errors="0" failures="0" skipped="0" time="6.139934">
        <testcase name="test_json_guest_cannot_get_create_info" file="/app/vendor/gammamatrix/playground-test/src/Feature/Http/Controllers/Resource/Playground/CreateJsonTrait.php" line="30" class="Tests\Feature\Playground\Cms\Resource\Http\Controllers\Playground\PageRouteTest" classname="Tests.Feature.Playground.Cms.Resource.Http.Controllers.Playground.PageRouteTest" assertions="1" time="0.121767"/>
        <testcase name="test_json_admin_can_get_create_info" file="/app/vendor/gammamatrix/playground-test/src/Feature/Http/Controllers/Resource/Playground/CreateJsonTrait.php" line="45" class="Tests\Feature\Playground\Cms\Resource\Http\Controllers\Playground\PageRouteTest" classname="Tests.Feature.Playground.Cms.Resource.Http.Controllers.Playground.PageRouteTest" assertions="73" time="0.059394"/>
        <testcase name="test_json_get_create_info_as_admin_with_invalid_parameter_and_fail_validation" file="/app/vendor/gammamatrix/playground-test/src/Feature/Http/Controllers/Resource/Playground/CreateJsonTrait.php" line="65" class="Tests\Feature\Playground\Cms\Resource\Http\Controllers\Playground\PageRouteTest" classname="Tests.Feature.Playground.Cms.Resource.Http.Controllers.Playground.PageRouteTest" assertions="4" time="0.053202"/>
        <testcase name="test_guest_cannot_render_create_view" file="/app/vendor/gammamatrix/playground-test/src/Feature/Http/Controllers/Resource/Playground/CreateTrait.php" line="25" class="Tests\Feature\Playground\Cms\Resource\Http\Controllers\Playground\PageRouteTest" classname="Tests.Feature.Playground.Cms.Resource.Http.Controllers.Playground.PageRouteTest" assertions="1" time="0.037320"/>
        <testcase name="test_admin_can_render_create_view" file="/app/vendor/gammamatrix/playground-test/src/Feature/Http/Controllers/Resource/Playground/CreateTrait.php" line="38" class="Tests\Feature\Playground\Cms\Resource\Http\Controllers\Playground\PageRouteTest" classname="Tests.Feature.Playground.Cms.Resource.Http.Controllers.Playground.PageRouteTest" assertions="2" time="0.135889"/>
        <testcase name="test_admin_can_render_create_view_with_return_url" file="/app/vendor/gammamatrix/playground-test/src/Feature/Http/Controllers/Resource/Playground/CreateTrait.php" line="56" class="Tests\Feature\Playground\Cms\Resource\Http\Controllers\Playground\PageRouteTest" classname="Tests.Feature.Playground.Cms.Resource.Http.Controllers.Playground.PageRouteTest" assertions="3" time="0.068452"/>
        <testcase name="test_create_view_as_admin_with_invalid_parameter_and_fail_validation_and_redirect" file="/app/vendor/gammamatrix/playground-test/src/Feature/Http/Controllers/Resource/Playground/CreateTrait.php" line="83" class="Tests\Feature\Playground\Cms\Resource\Http\Controllers\Playground\PageRouteTest" classname="Tests.Feature.Playground.Cms.Resource.Http.Controllers.Playground.PageRouteTest" assertions="5" time="0.047909"/>
        <testcase name="test_json_guest_cannot_destroy" file="/app/vendor/gammamatrix/playground-test/src/Feature/Http/Controllers/Resource/Playground/DestroyJsonTrait.php" line="25" class="Tests\Feature\Playground\Cms\Resource\Http\Controllers\Playground\PageRouteTest" classname="Tests.Feature.Playground.Cms.Resource.Http.Controllers.Playground.PageRouteTest" assertions="3" time="0.052454"/>
        <testcase name="test_json_destroy_as_admin_and_succeed" file="/app/vendor/gammamatrix/playground-test/src/Feature/Http/Controllers/Resource/Playground/DestroyJsonTrait.php" line="57" class="Tests\Feature\Playground\Cms\Resource\Http\Controllers\Playground\PageRouteTest" classname="Tests.Feature.Playground.Cms.Resource.Http.Controllers.Playground.PageRouteTest" assertions="5" time="0.056868"/>
        <testcase name="test_json_destroy_as_admin_and_succeed_with_force_delete" file="/app/vendor/gammamatrix/playground-test/src/Feature/Http/Controllers/Resource/Playground/DestroyJsonTrait.php" line="101" class="Tests\Feature\Playground\Cms\Resource\Http\Controllers\Playground\PageRouteTest" classname="Tests.Feature.Playground.Cms.Resource.Http.Controllers.Playground.PageRouteTest" assertions="4" time="0.051286"/>
        <testcase name="test_json_destroy_as_admin_and_succeed_with_no_content" file="/app/vendor/gammamatrix/playground-test/src/Feature/Http/Controllers/Resource/Playground/DestroyJsonTrait.php" line="136" class="Tests\Feature\Playground\Cms\Resource\Http\Controllers\Playground\PageRouteTest" classname="Tests.Feature.Playground.Cms.Resource.Http.Controllers.Playground.PageRouteTest" assertions="5" time="0.055900"/>
        <testcase name="test_json_destroy_as_admin_and_succeed_and_ignore_redirect" file="/app/vendor/gammamatrix/playground-test/src/Feature/Http/Controllers/Resource/Playground/DestroyJsonTrait.php" line="176" class="Tests\Feature\Playground\Cms\Resource\Http\Controllers\Playground\PageRouteTest" classname="Tests.Feature.Playground.Cms.Resource.Http.Controllers.Playground.PageRouteTest" assertions="5" time="0.052866"/>
        <testcase name="test_json_destroy_as_user_and_get_denied_and_no_force_delete_allowed" file="/app/vendor/gammamatrix/playground-test/src/Feature/Http/Controllers/Resource/Playground/DestroyJsonTrait.php" line="223" class="Tests\Feature\Playground\Cms\Resource\Http\Controllers\Playground\PageRouteTest" classname="Tests.Feature.Playground.Cms.Resource.Http.Controllers.Playground.PageRouteTest" assertions="3" time="0.051610"/>
        <testcase name="test_guest_cannot_destroy" file="/app/vendor/gammamatrix/playground-test/src/Feature/Http/Controllers/Resource/Playground/DestroyTrait.php" line="25" class="Tests\Feature\Playground\Cms\Resource\Http\Controllers\Playground\PageRouteTest" classname="Tests.Feature.Playground.Cms.Resource.Http.Controllers.Playground.PageRouteTest" assertions="3" time="0.046850"/>
        <testcase name="test_destroy_as_admin_and_succeed" file="/app/vendor/gammamatrix/playground-test/src/Feature/Http/Controllers/Resource/Playground/DestroyTrait.php" line="57" class="Tests\Feature\Playground\Cms\Resource\Http\Controllers\Playground\PageRouteTest" classname="Tests.Feature.Playground.Cms.Resource.Http.Controllers.Playground.PageRouteTest" assertions="5" time="0.060383"/>
        <testcase name="test_destroy_as_admin_and_succeed_with_force_delete" file="/app/vendor/gammamatrix/playground-test/src/Feature/Http/Controllers/Resource/Playground/DestroyTrait.php" line="98" class="Tests\Feature\Playground\Cms\Resource\Http\Controllers\Playground\PageRouteTest" classname="Tests.Feature.Playground.Cms.Resource.Http.Controllers.Playground.PageRouteTest" assertions="4" time="0.053231"/>
        <testcase name="test_destroy_as_admin_and_succeed_with_redirect_to_index_with_trash" file="/app/vendor/gammamatrix/playground-test/src/Feature/Http/Controllers/Resource/Playground/DestroyTrait.php" line="133" class="Tests\Feature\Playground\Cms\Resource\Http\Controllers\Playground\PageRouteTest" classname="Tests.Feature.Playground.Cms.Resource.Http.Controllers.Playground.PageRouteTest" assertions="5" time="0.053574"/>
        <testcase name="test_destroy_as_user_and_get_denied_and_no_force_delete_allowed" file="/app/vendor/gammamatrix/playground-test/src/Feature/Http/Controllers/Resource/Playground/DestroyTrait.php" line="180" class="Tests\Feature\Playground\Cms\Resource\Http\Controllers\Playground\PageRouteTest" classname="Tests.Feature.Playground.Cms.Resource.Http.Controllers.Playground.PageRouteTest" assertions="3" time="0.052914"/>
        <testcase name="test_json_guest_cannot_get_edit_info" file="/app/vendor/gammamatrix/playground-test/src/Feature/Http/Controllers/Resource/Playground/EditJsonTrait.php" line="30" class="Tests\Feature\Playground\Cms\Resource\Http\Controllers\Playground\PageRouteTest" classname="Tests.Feature.Playground.Cms.Resource.Http.Controllers.Playground.PageRouteTest" assertions="1" time="0.066822"/>
        <testcase name="test_json_admin_can_get_edit_info" file="/app/vendor/gammamatrix/playground-test/src/Feature/Http/Controllers/Resource/Playground/EditJsonTrait.php" line="49" class="Tests\Feature\Playground\Cms\Resource\Http\Controllers\Playground\PageRouteTest" classname="Tests.Feature.Playground.Cms.Resource.Http.Controllers.Playground.PageRouteTest" assertions="4" time="0.061092"/>
        <testcase name="test_json_edit_as_admin_and_fail_validation_with_invalid_parameter" file="/app/vendor/gammamatrix/playground-test/src/Feature/Http/Controllers/Resource/Playground/EditJsonTrait.php" line="78" class="Tests\Feature\Playground\Cms\Resource\Http\Controllers\Playground\PageRouteTest" classname="Tests.Feature.Playground.Cms.Resource.Http.Controllers.Playground.PageRouteTest" assertions="4" time="0.056164"/>
        <testcase name="test_guest_cannot_render_edit_view" file="/app/vendor/gammamatrix/playground-test/src/Feature/Http/Controllers/Resource/Playground/EditTrait.php" line="25" class="Tests\Feature\Playground\Cms\Resource\Http\Controllers\Playground\PageRouteTest" classname="Tests.Feature.Playground.Cms.Resource.Http.Controllers.Playground.PageRouteTest" assertions="1" time="0.046940"/>
        <testcase name="test_admin_can_render_edit_view" file="/app/vendor/gammamatrix/playground-test/src/Feature/Http/Controllers/Resource/Playground/EditTrait.php" line="45" class="Tests\Feature\Playground\Cms\Resource\Http\Controllers\Playground\PageRouteTest" classname="Tests.Feature.Playground.Cms.Resource.Http.Controllers.Playground.PageRouteTest" assertions="2" time="0.083327"/>
        <testcase name="test_admin_can_render_edit_view_with_return_url" file="/app/vendor/gammamatrix/playground-test/src/Feature/Http/Controllers/Resource/Playground/EditTrait.php" line="69" class="Tests\Feature\Playground\Cms\Resource\Http\Controllers\Playground\PageRouteTest" classname="Tests.Feature.Playground.Cms.Resource.Http.Controllers.Playground.PageRouteTest" assertions="3" time="0.077318"/>
        <testcase name="test_edit_view_as_admin_with_invalid_parameter_and_fail_validation_and_redirect" file="/app/vendor/gammamatrix/playground-test/src/Feature/Http/Controllers/Resource/Playground/EditTrait.php" line="101" class="Tests\Feature\Playground\Cms\Resource\Http\Controllers\Playground\PageRouteTest" classname="Tests.Feature.Playground.Cms.Resource.Http.Controllers.Playground.PageRouteTest" assertions="4" time="0.056898"/>
        <testcase name="test_json_guest_cannot_get_index" file="/app/vendor/gammamatrix/playground-test/src/Feature/Http/Controllers/Resource/Playground/IndexJsonTrait.php" line="30" class="Tests\Feature\Playground\Cms\Resource\Http\Controllers\Playground\PageRouteTest" classname="Tests.Feature.Playground.Cms.Resource.Http.Controllers.Playground.PageRouteTest" assertions="1" time="0.110248"/>
        <testcase name="test_json_admin_can_get_index" file="/app/vendor/gammamatrix/playground-test/src/Feature/Http/Controllers/Resource/Playground/IndexJsonTrait.php" line="44" class="Tests\Feature\Playground\Cms\Resource\Http\Controllers\Playground\PageRouteTest" classname="Tests.Feature.Playground.Cms.Resource.Http.Controllers.Playground.PageRouteTest" assertions="80" time="0.079428"/>
        <testcase name="test_json_admin_can_get_index_with_filters" file="/app/vendor/gammamatrix/playground-test/src/Feature/Http/Controllers/Resource/Playground/IndexJsonTrait.php" line="80" class="Tests\Feature\Playground\Cms\Resource\Http\Controllers\Playground\PageRouteTest" classname="Tests.Feature.Playground.Cms.Resource.Http.Controllers.Playground.PageRouteTest" assertions="3" time="0.065146"/>
        <testcase name="test_guest_cannot_render_index_view" file="/app/vendor/gammamatrix/playground-test/src/Feature/Http/Controllers/Resource/Playground/IndexTrait.php" line="25" class="Tests\Feature\Playground\Cms\Resource\Http\Controllers\Playground\PageRouteTest" classname="Tests.Feature.Playground.Cms.Resource.Http.Controllers.Playground.PageRouteTest" assertions="1" time="0.045602"/>
        <testcase name="test_admin_can_render_index_view" file="/app/vendor/gammamatrix/playground-test/src/Feature/Http/Controllers/Resource/Playground/IndexTrait.php" line="40" class="Tests\Feature\Playground\Cms\Resource\Http\Controllers\Playground\PageRouteTest" classname="Tests.Feature.Playground.Cms.Resource.Http.Controllers.Playground.PageRouteTest" assertions="2" time="0.143427"/>
        <testcase name="test_admin_can_render_index_view_with_filters" file="/app/vendor/gammamatrix/playground-test/src/Feature/Http/Controllers/Resource/Playground/IndexTrait.php" line="73" class="Tests\Feature\Playground\Cms\Resource\Http\Controllers\Playground\PageRouteTest" classname="Tests.Feature.Playground.Cms.Resource.Http.Controllers.Playground.PageRouteTest" assertions="3" time="0.087698"/>
        <testcase name="test_json_guest_cannot_lock" file="/app/vendor/gammamatrix/playground-test/src/Feature/Http/Controllers/Resource/Playground/LockJsonTrait.php" line="30" class="Tests\Feature\Playground\Cms\Resource\Http\Controllers\Playground\PageRouteTest" classname="Tests.Feature.Playground.Cms.Resource.Http.Controllers.Playground.PageRouteTest" assertions="3" time="0.048755"/>
        <testcase name="test_json_lock_as_admin_and_succeed" file="/app/vendor/gammamatrix/playground-test/src/Feature/Http/Controllers/Resource/Playground/LockJsonTrait.php" line="62" class="Tests\Feature\Playground\Cms\Resource\Http\Controllers\Playground\PageRouteTest" classname="Tests.Feature.Playground.Cms.Resource.Http.Controllers.Playground.PageRouteTest" assertions="3" time="0.062146"/>
        <testcase name="test_json_lock_as_admin_and_succeed_with_no_redirect" file="/app/vendor/gammamatrix/playground-test/src/Feature/Http/Controllers/Resource/Playground/LockJsonTrait.php" line="98" class="Tests\Feature\Playground\Cms\Resource\Http\Controllers\Playground\PageRouteTest" classname="Tests.Feature.Playground.Cms.Resource.Http.Controllers.Playground.PageRouteTest" assertions="75" time="0.063208"/>
        <testcase name="test_json_lock_as_user_and_get_denied" file="/app/vendor/gammamatrix/playground-test/src/Feature/Http/Controllers/Resource/Playground/LockJsonTrait.php" line="147" class="Tests\Feature\Playground\Cms\Resource\Http\Controllers\Playground\PageRouteTest" classname="Tests.Feature.Playground.Cms.Resource.Http.Controllers.Playground.PageRouteTest" assertions="3" time="0.057961"/>
        <testcase name="test_guest_cannot_lock" file="/app/vendor/gammamatrix/playground-test/src/Feature/Http/Controllers/Resource/Playground/LockTrait.php" line="25" class="Tests\Feature\Playground\Cms\Resource\Http\Controllers\Playground\PageRouteTest" classname="Tests.Feature.Playground.Cms.Resource.Http.Controllers.Playground.PageRouteTest" assertions="3" time="0.046421"/>
        <testcase name="test_lock_as_admin_and_succeed" file="/app/vendor/gammamatrix/playground-test/src/Feature/Http/Controllers/Resource/Playground/LockTrait.php" line="57" class="Tests\Feature\Playground\Cms\Resource\Http\Controllers\Playground\PageRouteTest" classname="Tests.Feature.Playground.Cms.Resource.Http.Controllers.Playground.PageRouteTest" assertions="4" time="0.055265"/>
        <testcase name="test_lock_as_admin_and_succeed_with_redirect_to_index_with_sorted_by_locked_desc" file="/app/vendor/gammamatrix/playground-test/src/Feature/Http/Controllers/Resource/Playground/LockTrait.php" line="95" class="Tests\Feature\Playground\Cms\Resource\Http\Controllers\Playground\PageRouteTest" classname="Tests.Feature.Playground.Cms.Resource.Http.Controllers.Playground.PageRouteTest" assertions="4" time="0.055662"/>
        <testcase name="test_lock_as_user_and_get_denied" file="/app/vendor/gammamatrix/playground-test/src/Feature/Http/Controllers/Resource/Playground/LockTrait.php" line="136" class="Tests\Feature\Playground\Cms\Resource\Http\Controllers\Playground\PageRouteTest" classname="Tests.Feature.Playground.Cms.Resource.Http.Controllers.Playground.PageRouteTest" assertions="3" time="0.055397"/>
        <testcase name="test_json_guest_cannot_restore" file="/app/vendor/gammamatrix/playground-test/src/Feature/Http/Controllers/Resource/Playground/RestoreJsonTrait.php" line="26" class="Tests\Feature\Playground\Cms\Resource\Http\Controllers\Playground\PageRouteTest" classname="Tests.Feature.Playground.Cms.Resource.Http.Controllers.Playground.PageRouteTest" assertions="3" time="0.049181"/>
        <testcase name="test_json_restore_as_admin_and_succeed" file="/app/vendor/gammamatrix/playground-test/src/Feature/Http/Controllers/Resource/Playground/RestoreJsonTrait.php" line="60" class="Tests\Feature\Playground\Cms\Resource\Http\Controllers\Playground\PageRouteTest" classname="Tests.Feature.Playground.Cms.Resource.Http.Controllers.Playground.PageRouteTest" assertions="75" time="0.061177"/>
        <testcase name="test_json_restore_as_admin_and_succeed_with_no_redirect" file="/app/vendor/gammamatrix/playground-test/src/Feature/Http/Controllers/Resource/Playground/RestoreJsonTrait.php" line="99" class="Tests\Feature\Playground\Cms\Resource\Http\Controllers\Playground\PageRouteTest" classname="Tests.Feature.Playground.Cms.Resource.Http.Controllers.Playground.PageRouteTest" assertions="75" time="0.075253"/>
        <testcase name="test_json_restore_as_user_and_get_denied" file="/app/vendor/gammamatrix/playground-test/src/Feature/Http/Controllers/Resource/Playground/RestoreJsonTrait.php" line="145" class="Tests\Feature\Playground\Cms\Resource\Http\Controllers\Playground\PageRouteTest" classname="Tests.Feature.Playground.Cms.Resource.Http.Controllers.Playground.PageRouteTest" assertions="3" time="0.051019"/>
        <testcase name="test_json_guest_cannot_restore_revision" file="/app/vendor/gammamatrix/playground-test/src/Feature/Http/Controllers/Resource/Playground/RestoreRevisionJsonTrait.php" line="39" class="Tests\Feature\Playground\Cms\Resource\Http\Controllers\Playground\PageRouteTest" classname="Tests.Feature.Playground.Cms.Resource.Http.Controllers.Playground.PageRouteTest" assertions="3" time="0.055763"/>
        <testcase name="test_json_restore_revision_as_admin_and_succeed" file="/app/vendor/gammamatrix/playground-test/src/Feature/Http/Controllers/Resource/Playground/RestoreRevisionJsonTrait.php" line="75" class="Tests\Feature\Playground\Cms\Resource\Http\Controllers\Playground\PageRouteTest" classname="Tests.Feature.Playground.Cms.Resource.Http.Controllers.Playground.PageRouteTest" assertions="75" time="0.130798"/>
        <testcase name="test_json_restore_revision_as_admin_and_succeed_without_redirect" file="/app/vendor/gammamatrix/playground-test/src/Feature/Http/Controllers/Resource/Playground/RestoreRevisionJsonTrait.php" line="115" class="Tests\Feature\Playground\Cms\Resource\Http\Controllers\Playground\PageRouteTest" classname="Tests.Feature.Playground.Cms.Resource.Http.Controllers.Playground.PageRouteTest" assertions="75" time="0.110017"/>
        <testcase name="test_json_restore_revision_as_user_and_get_denied" file="/app/vendor/gammamatrix/playground-test/src/Feature/Http/Controllers/Resource/Playground/RestoreRevisionJsonTrait.php" line="167" class="Tests\Feature\Playground\Cms\Resource\Http\Controllers\Playground\PageRouteTest" classname="Tests.Feature.Playground.Cms.Resource.Http.Controllers.Playground.PageRouteTest" assertions="3" time="0.058900"/>
        <testcase name="test_guest_cannot_restore_revision" file="/app/vendor/gammamatrix/playground-test/src/Feature/Http/Controllers/Resource/Playground/RestoreRevisionTrait.php" line="34" class="Tests\Feature\Playground\Cms\Resource\Http\Controllers\Playground\PageRouteTest" classname="Tests.Feature.Playground.Cms.Resource.Http.Controllers.Playground.PageRouteTest" assertions="3" time="0.055037"/>
        <testcase name="test_restore_revision_as_admin_and_succeed" file="/app/vendor/gammamatrix/playground-test/src/Feature/Http/Controllers/Resource/Playground/RestoreRevisionTrait.php" line="70" class="Tests\Feature\Playground\Cms\Resource\Http\Controllers\Playground\PageRouteTest" classname="Tests.Feature.Playground.Cms.Resource.Http.Controllers.Playground.PageRouteTest" assertions="4" time="0.106894"/>
        <testcase name="test_restore_revision_as_admin_and_succeed_with_redirect_to_index_with_only_trash" file="/app/vendor/gammamatrix/playground-test/src/Feature/Http/Controllers/Resource/Playground/RestoreRevisionTrait.php" line="110" class="Tests\Feature\Playground\Cms\Resource\Http\Controllers\Playground\PageRouteTest" classname="Tests.Feature.Playground.Cms.Resource.Http.Controllers.Playground.PageRouteTest" assertions="4" time="0.104540"/>
        <testcase name="test_restore_revision_as_user_and_get_denied" file="/app/vendor/gammamatrix/playground-test/src/Feature/Http/Controllers/Resource/Playground/RestoreRevisionTrait.php" line="160" class="Tests\Feature\Playground\Cms\Resource\Http\Controllers\Playground\PageRouteTest" classname="Tests.Feature.Playground.Cms.Resource.Http.Controllers.Playground.PageRouteTest" assertions="3" time="0.059666"/>
        <testcase name="test_guest_cannot_restore" file="/app/vendor/gammamatrix/playground-test/src/Feature/Http/Controllers/Resource/Playground/RestoreTrait.php" line="26" class="Tests\Feature\Playground\Cms\Resource\Http\Controllers\Playground\PageRouteTest" classname="Tests.Feature.Playground.Cms.Resource.Http.Controllers.Playground.PageRouteTest" assertions="3" time="0.053129"/>
        <testcase name="test_restore_as_admin_and_succeed" file="/app/vendor/gammamatrix/playground-test/src/Feature/Http/Controllers/Resource/Playground/RestoreTrait.php" line="60" class="Tests\Feature\Playground\Cms\Resource\Http\Controllers\Playground\PageRouteTest" classname="Tests.Feature.Playground.Cms.Resource.Http.Controllers.Playground.PageRouteTest" assertions="4" time="0.055194"/>
        <testcase name="test_restore_as_admin_and_succeed_with_redirect_to_index_with_only_trash" file="/app/vendor/gammamatrix/playground-test/src/Feature/Http/Controllers/Resource/Playground/RestoreTrait.php" line="99" class="Tests\Feature\Playground\Cms\Resource\Http\Controllers\Playground\PageRouteTest" classname="Tests.Feature.Playground.Cms.Resource.Http.Controllers.Playground.PageRouteTest" assertions="4" time="0.054501"/>
        <testcase name="test_restore_as_user_and_get_denied" file="/app/vendor/gammamatrix/playground-test/src/Feature/Http/Controllers/Resource/Playground/RestoreTrait.php" line="148" class="Tests\Feature\Playground\Cms\Resource\Http\Controllers\Playground\PageRouteTest" classname="Tests.Feature.Playground.Cms.Resource.Http.Controllers.Playground.PageRouteTest" assertions="3" time="0.052491"/>
        <testcase name="test_json_guest_cannot_render_revision_view" file="/app/vendor/gammamatrix/playground-test/src/Feature/Http/Controllers/Resource/Playground/RevisionJsonTrait.php" line="34" class="Tests\Feature\Playground\Cms\Resource\Http\Controllers\Playground\PageRouteTest" classname="Tests.Feature.Playground.Cms.Resource.Http.Controllers.Playground.PageRouteTest" assertions="2" time="0.064084"/>
        <testcase name="test_json_admin_can_get_revision_info" file="/app/vendor/gammamatrix/playground-test/src/Feature/Http/Controllers/Resource/Playground/RevisionJsonTrait.php" line="65" class="Tests\Feature\Playground\Cms\Resource\Http\Controllers\Playground\PageRouteTest" classname="Tests.Feature.Playground.Cms.Resource.Http.Controllers.Playground.PageRouteTest" assertions="74" time="0.071109"/>
        <testcase name="test_json_guest_cannot_get_revisions" file="/app/vendor/gammamatrix/playground-test/src/Feature/Http/Controllers/Resource/Playground/RevisionsJsonTrait.php" line="30" class="Tests\Feature\Playground\Cms\Resource\Http\Controllers\Playground\PageRouteTest" classname="Tests.Feature.Playground.Cms.Resource.Http.Controllers.Playground.PageRouteTest" assertions="2" time="0.113763"/>
        <testcase name="test_json_admin_can_get_revisions" file="/app/vendor/gammamatrix/playground-test/src/Feature/Http/Controllers/Resource/Playground/RevisionsJsonTrait.php" line="59" class="Tests\Feature\Playground\Cms\Resource\Http\Controllers\Playground\PageRouteTest" classname="Tests.Feature.Playground.Cms.Resource.Http.Controllers.Playground.PageRouteTest" assertions="2" time="0.090757"/>
        <testcase name="test_json_admin_can_get_revisions_with_filters" file="/app/vendor/gammamatrix/playground-test/src/Feature/Http/Controllers/Resource/Playground/RevisionsJsonTrait.php" line="100" class="Tests\Feature\Playground\Cms\Resource\Http\Controllers\Playground\PageRouteTest" classname="Tests.Feature.Playground.Cms.Resource.Http.Controllers.Playground.PageRouteTest" assertions="81" time="0.079196"/>
        <testcase name="test_guest_cannot_render_revisions_view" file="/app/vendor/gammamatrix/playground-test/src/Feature/Http/Controllers/Resource/Playground/RevisionsTrait.php" line="30" class="Tests\Feature\Playground\Cms\Resource\Http\Controllers\Playground\PageRouteTest" classname="Tests.Feature.Playground.Cms.Resource.Http.Controllers.Playground.PageRouteTest" assertions="2" time="0.057359"/>
        <testcase name="test_admin_can_render_revisions_view" file="/app/vendor/gammamatrix/playground-test/src/Feature/Http/Controllers/Resource/Playground/RevisionsTrait.php" line="59" class="Tests\Feature\Playground\Cms\Resource\Http\Controllers\Playground\PageRouteTest" classname="Tests.Feature.Playground.Cms.Resource.Http.Controllers.Playground.PageRouteTest" assertions="2" time="0.093933"/>
        <testcase name="test_admin_can_render_revisions_view_with_filters" file="/app/vendor/gammamatrix/playground-test/src/Feature/Http/Controllers/Resource/Playground/RevisionsTrait.php" line="100" class="Tests\Feature\Playground\Cms\Resource\Http\Controllers\Playground\PageRouteTest" classname="Tests.Feature.Playground.Cms.Resource.Http.Controllers.Playground.PageRouteTest" assertions="3" time="0.109739"/>
        <testcase name="test_guest_cannot_render_revision_view" file="/app/vendor/gammamatrix/playground-test/src/Feature/Http/Controllers/Resource/Playground/RevisionTrait.php" line="34" class="Tests\Feature\Playground\Cms\Resource\Http\Controllers\Playground\PageRouteTest" classname="Tests.Feature.Playground.Cms.Resource.Http.Controllers.Playground.PageRouteTest" assertions="2" time="0.057203"/>
        <testcase name="test_revision_view_rendered_by_admin" file="/app/vendor/gammamatrix/playground-test/src/Feature/Http/Controllers/Resource/Playground/RevisionTrait.php" line="65" class="Tests\Feature\Playground\Cms\Resource\Http\Controllers\Playground\PageRouteTest" classname="Tests.Feature.Playground.Cms.Resource.Http.Controllers.Playground.PageRouteTest" assertions="2" time="0.086352"/>
        <testcase name="test_json_guest_cannot_see_info" file="/app/vendor/gammamatrix/playground-test/src/Feature/Http/Controllers/Resource/Playground/ShowJsonTrait.php" line="25" class="Tests\Feature\Playground\Cms\Resource\Http\Controllers\Playground\PageRouteTest" classname="Tests.Feature.Playground.Cms.Resource.Http.Controllers.Playground.PageRouteTest" assertions="1" time="0.047316"/>
        <testcase name="test_json_show_info_for_admin" file="/app/vendor/gammamatrix/playground-test/src/Feature/Http/Controllers/Resource/Playground/ShowJsonTrait.php" line="44" class="Tests\Feature\Playground\Cms\Resource\Http\Controllers\Playground\PageRouteTest" classname="Tests.Feature.Playground.Cms.Resource.Http.Controllers.Playground.PageRouteTest" assertions="74" time="0.072462"/>
        <testcase name="test_guest_cannot_render_show_view" file="/app/vendor/gammamatrix/playground-test/src/Feature/Http/Controllers/Resource/Playground/ShowTrait.php" line="25" class="Tests\Feature\Playground\Cms\Resource\Http\Controllers\Playground\PageRouteTest" classname="Tests.Feature.Playground.Cms.Resource.Http.Controllers.Playground.PageRouteTest" assertions="1" time="0.046280"/>
        <testcase name="test_show_view_rendered_by_admin" file="/app/vendor/gammamatrix/playground-test/src/Feature/Http/Controllers/Resource/Playground/ShowTrait.php" line="45" class="Tests\Feature\Playground\Cms\Resource\Http\Controllers\Playground\PageRouteTest" classname="Tests.Feature.Playground.Cms.Resource.Http.Controllers.Playground.PageRouteTest" assertions="2" time="0.064529"/>
        <testcase name="test_json_guest_cannot_store" file="/app/vendor/gammamatrix/playground-test/src/Feature/Http/Controllers/Resource/Playground/StoreJsonTrait.php" line="30" class="Tests\Feature\Playground\Cms\Resource\Http\Controllers\Playground\PageRouteTest" classname="Tests.Feature.Playground.Cms.Resource.Http.Controllers.Playground.PageRouteTest" assertions="3" time="0.062554"/>
        <testcase name="test_json_store_as_admin_without_payload_and_fail_validation" file="/app/vendor/gammamatrix/playground-test/src/Feature/Http/Controllers/Resource/Playground/StoreJsonTrait.php" line="57" class="Tests\Feature\Playground\Cms\Resource\Http\Controllers\Playground\PageRouteTest" classname="Tests.Feature.Playground.Cms.Resource.Http.Controllers.Playground.PageRouteTest" assertions="5" time="0.050143"/>
        <testcase name="test_json_store_as_admin_and_succeed" file="/app/vendor/gammamatrix/playground-test/src/Feature/Http/Controllers/Resource/Playground/StoreJsonTrait.php" line="83" class="Tests\Feature\Playground\Cms\Resource\Http\Controllers\Playground\PageRouteTest" classname="Tests.Feature.Playground.Cms.Resource.Http.Controllers.Playground.PageRouteTest" assertions="3" time="0.070491"/>
        <testcase name="test_guest_cannot_store" file="/app/vendor/gammamatrix/playground-test/src/Feature/Http/Controllers/Resource/Playground/StoreTrait.php" line="25" class="Tests\Feature\Playground\Cms\Resource\Http\Controllers\Playground\PageRouteTest" classname="Tests.Feature.Playground.Cms.Resource.Http.Controllers.Playground.PageRouteTest" assertions="3" time="0.042311"/>
        <testcase name="test_store_as_admin_without_payload_and_fail_validation" file="/app/vendor/gammamatrix/playground-test/src/Feature/Http/Controllers/Resource/Playground/StoreTrait.php" line="52" class="Tests\Feature\Playground\Cms\Resource\Http\Controllers\Playground\PageRouteTest" classname="Tests.Feature.Playground.Cms.Resource.Http.Controllers.Playground.PageRouteTest" assertions="5" time="0.050762"/>
        <testcase name="test_store_as_admin_and_succeed" file="/app/vendor/gammamatrix/playground-test/src/Feature/Http/Controllers/Resource/Playground/StoreTrait.php" line="81" class="Tests\Feature\Playground\Cms\Resource\Http\Controllers\Playground\PageRouteTest" classname="Tests.Feature.Playground.Cms.Resource.Http.Controllers.Playground.PageRouteTest" assertions="4" time="0.072388"/>
        <testcase name="test_store_as_admin_and_succeed_with_return_url" file="/app/vendor/gammamatrix/playground-test/src/Feature/Http/Controllers/Resource/Playground/StoreTrait.php" line="113" class="Tests\Feature\Playground\Cms\Resource\Http\Controllers\Playground\PageRouteTest" classname="Tests.Feature.Playground.Cms.Resource.Http.Controllers.Playground.PageRouteTest" assertions="4" time="0.067028"/>
        <testcase name="test_json_guest_cannot_unlock" file="/app/vendor/gammamatrix/playground-test/src/Feature/Http/Controllers/Resource/Playground/UnlockJsonTrait.php" line="30" class="Tests\Feature\Playground\Cms\Resource\Http\Controllers\Playground\PageRouteTest" classname="Tests.Feature.Playground.Cms.Resource.Http.Controllers.Playground.PageRouteTest" assertions="3" time="0.048625"/>
        <testcase name="test_json_unlock_as_admin_and_succeed" file="/app/vendor/gammamatrix/playground-test/src/Feature/Http/Controllers/Resource/Playground/UnlockJsonTrait.php" line="64" class="Tests\Feature\Playground\Cms\Resource\Http\Controllers\Playground\PageRouteTest" classname="Tests.Feature.Playground.Cms.Resource.Http.Controllers.Playground.PageRouteTest" assertions="75" time="0.065332"/>
        <testcase name="test_json_unlock_as_admin_and_succeed_with_no_redirect" file="/app/vendor/gammamatrix/playground-test/src/Feature/Http/Controllers/Resource/Playground/UnlockJsonTrait.php" line="103" class="Tests\Feature\Playground\Cms\Resource\Http\Controllers\Playground\PageRouteTest" classname="Tests.Feature.Playground.Cms.Resource.Http.Controllers.Playground.PageRouteTest" assertions="75" time="0.061205"/>
        <testcase name="test_json_unlock_as_user_and_get_denied" file="/app/vendor/gammamatrix/playground-test/src/Feature/Http/Controllers/Resource/Playground/UnlockJsonTrait.php" line="147" class="Tests\Feature\Playground\Cms\Resource\Http\Controllers\Playground\PageRouteTest" classname="Tests.Feature.Playground.Cms.Resource.Http.Controllers.Playground.PageRouteTest" assertions="3" time="0.053526"/>
        <testcase name="test_guest_cannot_unlock" file="/app/vendor/gammamatrix/playground-test/src/Feature/Http/Controllers/Resource/Playground/UnlockTrait.php" line="30" class="Tests\Feature\Playground\Cms\Resource\Http\Controllers\Playground\PageRouteTest" classname="Tests.Feature.Playground.Cms.Resource.Http.Controllers.Playground.PageRouteTest" assertions="3" time="0.052260"/>
        <testcase name="test_unlock_as_admin_and_succeed" file="/app/vendor/gammamatrix/playground-test/src/Feature/Http/Controllers/Resource/Playground/UnlockTrait.php" line="64" class="Tests\Feature\Playground\Cms\Resource\Http\Controllers\Playground\PageRouteTest" classname="Tests.Feature.Playground.Cms.Resource.Http.Controllers.Playground.PageRouteTest" assertions="4" time="0.057098"/>
        <testcase name="test_unlock_as_admin_and_succeed_with_redirect_to_index_with_sorted_by_unlocked_desc" file="/app/vendor/gammamatrix/playground-test/src/Feature/Http/Controllers/Resource/Playground/UnlockTrait.php" line="108" class="Tests\Feature\Playground\Cms\Resource\Http\Controllers\Playground\PageRouteTest" classname="Tests.Feature.Playground.Cms.Resource.Http.Controllers.Playground.PageRouteTest" assertions="4" time="0.061627"/>
        <testcase name="test_unlock_as_user_and_get_denied" file="/app/vendor/gammamatrix/playground-test/src/Feature/Http/Controllers/Resource/Playground/UnlockTrait.php" line="150" class="Tests\Feature\Playground\Cms\Resource\Http\Controllers\Playground\PageRouteTest" classname="Tests.Feature.Playground.Cms.Resource.Http.Controllers.Playground.PageRouteTest" assertions="3" time="0.051884"/>
        <testcase name="test_json_guest_cannot_update" file="/app/vendor/gammamatrix/playground-test/src/Feature/Http/Controllers/Resource/Playground/UpdateJsonTrait.php" line="25" class="Tests\Feature\Playground\Cms\Resource\Http\Controllers\Playground\PageRouteTest" classname="Tests.Feature.Playground.Cms.Resource.Http.Controllers.Playground.PageRouteTest" assertions="1" time="0.068945"/>
        <testcase name="test_json_update_as_admin_without_payload_and_fail_validation" file="/app/vendor/gammamatrix/playground-test/src/Feature/Http/Controllers/Resource/Playground/UpdateJsonTrait.php" line="53" class="Tests\Feature\Playground\Cms\Resource\Http\Controllers\Playground\PageRouteTest" classname="Tests.Feature.Playground.Cms.Resource.Http.Controllers.Playground.PageRouteTest" assertions="4" time="0.055982"/>
        <testcase name="test_json_admin_can_update" file="/app/vendor/gammamatrix/playground-test/src/Feature/Http/Controllers/Resource/Playground/UpdateJsonTrait.php" line="78" class="Tests\Feature\Playground\Cms\Resource\Http\Controllers\Playground\PageRouteTest" classname="Tests.Feature.Playground.Cms.Resource.Http.Controllers.Playground.PageRouteTest" assertions="77" time="0.110681"/>
        <testcase name="test_guest_cannot_update" file="/app/vendor/gammamatrix/playground-test/src/Feature/Http/Controllers/Resource/Playground/UpdateTrait.php" line="25" class="Tests\Feature\Playground\Cms\Resource\Http\Controllers\Playground\PageRouteTest" classname="Tests.Feature.Playground.Cms.Resource.Http.Controllers.Playground.PageRouteTest" assertions="1" time="0.048083"/>
        <testcase name="test_update_as_admin_without_payload_and_fail_validation" file="/app/vendor/gammamatrix/playground-test/src/Feature/Http/Controllers/Resource/Playground/UpdateTrait.php" line="53" class="Tests\Feature\Playground\Cms\Resource\Http\Controllers\Playground\PageRouteTest" classname="Tests.Feature.Playground.Cms.Resource.Http.Controllers.Playground.PageRouteTest" assertions="4" time="0.056709"/>
        <testcase name="test_admin_can_update" file="/app/vendor/gammamatrix/playground-test/src/Feature/Http/Controllers/Resource/Playground/UpdateTrait.php" line="78" class="Tests\Feature\Playground\Cms\Resource\Http\Controllers\Playground\PageRouteTest" classname="Tests.Feature.Playground.Cms.Resource.Http.Controllers.Playground.PageRouteTest" assertions="6" time="0.104254"/>
        <testcase name="test_admin_can_update_view_with_return_url" file="/app/vendor/gammamatrix/playground-test/src/Feature/Http/Controllers/Resource/Playground/UpdateTrait.php" line="121" class="Tests\Feature\Playground\Cms\Resource\Http\Controllers\Playground\PageRouteTest" classname="Tests.Feature.Playground.Cms.Resource.Http.Controllers.Playground.PageRouteTest" assertions="6" time="0.103608"/>
      </testsuite>
      <testsuite name="Tests\Feature\Playground\Cms\Resource\Http\Controllers\Playground\SnippetRouteTest" file="/app/tests/Feature/Http/Controllers/Playground/SnippetRouteTest.php" tests="91" assertions="1227" errors="0" failures="0" skipped="0" time="5.889104">
        <testcase name="test_json_guest_cannot_get_create_info" file="/app/vendor/gammamatrix/playground-test/src/Feature/Http/Controllers/Resource/Playground/CreateJsonTrait.php" line="30" class="Tests\Feature\Playground\Cms\Resource\Http\Controllers\Playground\SnippetRouteTest" classname="Tests.Feature.Playground.Cms.Resource.Http.Controllers.Playground.SnippetRouteTest" assertions="1" time="0.117617"/>
        <testcase name="test_json_admin_can_get_create_info" file="/app/vendor/gammamatrix/playground-test/src/Feature/Http/Controllers/Resource/Playground/CreateJsonTrait.php" line="45" class="Tests\Feature\Playground\Cms\Resource\Http\Controllers\Playground\SnippetRouteTest" classname="Tests.Feature.Playground.Cms.Resource.Http.Controllers.Playground.SnippetRouteTest" assertions="73" time="0.052142"/>
        <testcase name="test_json_get_create_info_as_admin_with_invalid_parameter_and_fail_validation" file="/app/vendor/gammamatrix/playground-test/src/Feature/Http/Controllers/Resource/Playground/CreateJsonTrait.php" line="65" class="Tests\Feature\Playground\Cms\Resource\Http\Controllers\Playground\SnippetRouteTest" classname="Tests.Feature.Playground.Cms.Resource.Http.Controllers.Playground.SnippetRouteTest" assertions="4" time="0.047960"/>
        <testcase name="test_guest_cannot_render_create_view" file="/app/vendor/gammamatrix/playground-test/src/Feature/Http/Controllers/Resource/Playground/CreateTrait.php" line="25" class="Tests\Feature\Playground\Cms\Resource\Http\Controllers\Playground\SnippetRouteTest" classname="Tests.Feature.Playground.Cms.Resource.Http.Controllers.Playground.SnippetRouteTest" assertions="1" time="0.037565"/>
        <testcase name="test_admin_can_render_create_view" file="/app/vendor/gammamatrix/playground-test/src/Feature/Http/Controllers/Resource/Playground/CreateTrait.php" line="38" class="Tests\Feature\Playground\Cms\Resource\Http\Controllers\Playground\SnippetRouteTest" classname="Tests.Feature.Playground.Cms.Resource.Http.Controllers.Playground.SnippetRouteTest" assertions="2" time="0.094303"/>
        <testcase name="test_admin_can_render_create_view_with_return_url" file="/app/vendor/gammamatrix/playground-test/src/Feature/Http/Controllers/Resource/Playground/CreateTrait.php" line="56" class="Tests\Feature\Playground\Cms\Resource\Http\Controllers\Playground\SnippetRouteTest" classname="Tests.Feature.Playground.Cms.Resource.Http.Controllers.Playground.SnippetRouteTest" assertions="3" time="0.067811"/>
        <testcase name="test_create_view_as_admin_with_invalid_parameter_and_fail_validation_and_redirect" file="/app/vendor/gammamatrix/playground-test/src/Feature/Http/Controllers/Resource/Playground/CreateTrait.php" line="83" class="Tests\Feature\Playground\Cms\Resource\Http\Controllers\Playground\SnippetRouteTest" classname="Tests.Feature.Playground.Cms.Resource.Http.Controllers.Playground.SnippetRouteTest" assertions="5" time="0.048663"/>
        <testcase name="test_json_guest_cannot_destroy" file="/app/vendor/gammamatrix/playground-test/src/Feature/Http/Controllers/Resource/Playground/DestroyJsonTrait.php" line="25" class="Tests\Feature\Playground\Cms\Resource\Http\Controllers\Playground\SnippetRouteTest" classname="Tests.Feature.Playground.Cms.Resource.Http.Controllers.Playground.SnippetRouteTest" assertions="3" time="0.049849"/>
        <testcase name="test_json_destroy_as_admin_and_succeed" file="/app/vendor/gammamatrix/playground-test/src/Feature/Http/Controllers/Resource/Playground/DestroyJsonTrait.php" line="57" class="Tests\Feature\Playground\Cms\Resource\Http\Controllers\Playground\SnippetRouteTest" classname="Tests.Feature.Playground.Cms.Resource.Http.Controllers.Playground.SnippetRouteTest" assertions="5" time="0.053080"/>
        <testcase name="test_json_destroy_as_admin_and_succeed_with_force_delete" file="/app/vendor/gammamatrix/playground-test/src/Feature/Http/Controllers/Resource/Playground/DestroyJsonTrait.php" line="101" class="Tests\Feature\Playground\Cms\Resource\Http\Controllers\Playground\SnippetRouteTest" classname="Tests.Feature.Playground.Cms.Resource.Http.Controllers.Playground.SnippetRouteTest" assertions="4" time="0.051149"/>
        <testcase name="test_json_destroy_as_admin_and_succeed_with_no_content" file="/app/vendor/gammamatrix/playground-test/src/Feature/Http/Controllers/Resource/Playground/DestroyJsonTrait.php" line="136" class="Tests\Feature\Playground\Cms\Resource\Http\Controllers\Playground\SnippetRouteTest" classname="Tests.Feature.Playground.Cms.Resource.Http.Controllers.Playground.SnippetRouteTest" assertions="5" time="0.055879"/>
        <testcase name="test_json_destroy_as_admin_and_succeed_and_ignore_redirect" file="/app/vendor/gammamatrix/playground-test/src/Feature/Http/Controllers/Resource/Playground/DestroyJsonTrait.php" line="176" class="Tests\Feature\Playground\Cms\Resource\Http\Controllers\Playground\SnippetRouteTest" classname="Tests.Feature.Playground.Cms.Resource.Http.Controllers.Playground.SnippetRouteTest" assertions="5" time="0.052025"/>
        <testcase name="test_json_destroy_as_user_and_get_denied_and_no_force_delete_allowed" file="/app/vendor/gammamatrix/playground-test/src/Feature/Http/Controllers/Resource/Playground/DestroyJsonTrait.php" line="223" class="Tests\Feature\Playground\Cms\Resource\Http\Controllers\Playground\SnippetRouteTest" classname="Tests.Feature.Playground.Cms.Resource.Http.Controllers.Playground.SnippetRouteTest" assertions="3" time="0.050684"/>
        <testcase name="test_guest_cannot_destroy" file="/app/vendor/gammamatrix/playground-test/src/Feature/Http/Controllers/Resource/Playground/DestroyTrait.php" line="25" class="Tests\Feature\Playground\Cms\Resource\Http\Controllers\Playground\SnippetRouteTest" classname="Tests.Feature.Playground.Cms.Resource.Http.Controllers.Playground.SnippetRouteTest" assertions="3" time="0.051259"/>
        <testcase name="test_destroy_as_admin_and_succeed" file="/app/vendor/gammamatrix/playground-test/src/Feature/Http/Controllers/Resource/Playground/DestroyTrait.php" line="57" class="Tests\Feature\Playground\Cms\Resource\Http\Controllers\Playground\SnippetRouteTest" classname="Tests.Feature.Playground.Cms.Resource.Http.Controllers.Playground.SnippetRouteTest" assertions="5" time="0.052740"/>
        <testcase name="test_destroy_as_admin_and_succeed_with_force_delete" file="/app/vendor/gammamatrix/playground-test/src/Feature/Http/Controllers/Resource/Playground/DestroyTrait.php" line="98" class="Tests\Feature\Playground\Cms\Resource\Http\Controllers\Playground\SnippetRouteTest" classname="Tests.Feature.Playground.Cms.Resource.Http.Controllers.Playground.SnippetRouteTest" assertions="4" time="0.051416"/>
        <testcase name="test_destroy_as_admin_and_succeed_with_redirect_to_index_with_trash" file="/app/vendor/gammamatrix/playground-test/src/Feature/Http/Controllers/Resource/Playground/DestroyTrait.php" line="133" class="Tests\Feature\Playground\Cms\Resource\Http\Controllers\Playground\SnippetRouteTest" classname="Tests.Feature.Playground.Cms.Resource.Http.Controllers.Playground.SnippetRouteTest" assertions="5" time="0.053238"/>
        <testcase name="test_destroy_as_user_and_get_denied_and_no_force_delete_allowed" file="/app/vendor/gammamatrix/playground-test/src/Feature/Http/Controllers/Resource/Playground/DestroyTrait.php" line="180" class="Tests\Feature\Playground\Cms\Resource\Http\Controllers\Playground\SnippetRouteTest" classname="Tests.Feature.Playground.Cms.Resource.Http.Controllers.Playground.SnippetRouteTest" assertions="3" time="0.058650"/>
        <testcase name="test_json_guest_cannot_get_edit_info" file="/app/vendor/gammamatrix/playground-test/src/Feature/Http/Controllers/Resource/Playground/EditJsonTrait.php" line="30" class="Tests\Feature\Playground\Cms\Resource\Http\Controllers\Playground\SnippetRouteTest" classname="Tests.Feature.Playground.Cms.Resource.Http.Controllers.Playground.SnippetRouteTest" assertions="1" time="0.061941"/>
        <testcase name="test_json_admin_can_get_edit_info" file="/app/vendor/gammamatrix/playground-test/src/Feature/Http/Controllers/Resource/Playground/EditJsonTrait.php" line="49" class="Tests\Feature\Playground\Cms\Resource\Http\Controllers\Playground\SnippetRouteTest" classname="Tests.Feature.Playground.Cms.Resource.Http.Controllers.Playground.SnippetRouteTest" assertions="4" time="0.059971"/>
        <testcase name="test_json_edit_as_admin_and_fail_validation_with_invalid_parameter" file="/app/vendor/gammamatrix/playground-test/src/Feature/Http/Controllers/Resource/Playground/EditJsonTrait.php" line="78" class="Tests\Feature\Playground\Cms\Resource\Http\Controllers\Playground\SnippetRouteTest" classname="Tests.Feature.Playground.Cms.Resource.Http.Controllers.Playground.SnippetRouteTest" assertions="4" time="0.056544"/>
        <testcase name="test_guest_cannot_render_edit_view" file="/app/vendor/gammamatrix/playground-test/src/Feature/Http/Controllers/Resource/Playground/EditTrait.php" line="25" class="Tests\Feature\Playground\Cms\Resource\Http\Controllers\Playground\SnippetRouteTest" classname="Tests.Feature.Playground.Cms.Resource.Http.Controllers.Playground.SnippetRouteTest" assertions="1" time="0.053326"/>
        <testcase name="test_admin_can_render_edit_view" file="/app/vendor/gammamatrix/playground-test/src/Feature/Http/Controllers/Resource/Playground/EditTrait.php" line="45" class="Tests\Feature\Playground\Cms\Resource\Http\Controllers\Playground\SnippetRouteTest" classname="Tests.Feature.Playground.Cms.Resource.Http.Controllers.Playground.SnippetRouteTest" assertions="2" time="0.075925"/>
        <testcase name="test_admin_can_render_edit_view_with_return_url" file="/app/vendor/gammamatrix/playground-test/src/Feature/Http/Controllers/Resource/Playground/EditTrait.php" line="69" class="Tests\Feature\Playground\Cms\Resource\Http\Controllers\Playground\SnippetRouteTest" classname="Tests.Feature.Playground.Cms.Resource.Http.Controllers.Playground.SnippetRouteTest" assertions="3" time="0.077312"/>
        <testcase name="test_edit_view_as_admin_with_invalid_parameter_and_fail_validation_and_redirect" file="/app/vendor/gammamatrix/playground-test/src/Feature/Http/Controllers/Resource/Playground/EditTrait.php" line="101" class="Tests\Feature\Playground\Cms\Resource\Http\Controllers\Playground\SnippetRouteTest" classname="Tests.Feature.Playground.Cms.Resource.Http.Controllers.Playground.SnippetRouteTest" assertions="4" time="0.056841"/>
        <testcase name="test_json_guest_cannot_get_index" file="/app/vendor/gammamatrix/playground-test/src/Feature/Http/Controllers/Resource/Playground/IndexJsonTrait.php" line="30" class="Tests\Feature\Playground\Cms\Resource\Http\Controllers\Playground\SnippetRouteTest" classname="Tests.Feature.Playground.Cms.Resource.Http.Controllers.Playground.SnippetRouteTest" assertions="1" time="0.107412"/>
        <testcase name="test_json_admin_can_get_index" file="/app/vendor/gammamatrix/playground-test/src/Feature/Http/Controllers/Resource/Playground/IndexJsonTrait.php" line="44" class="Tests\Feature\Playground\Cms\Resource\Http\Controllers\Playground\SnippetRouteTest" classname="Tests.Feature.Playground.Cms.Resource.Http.Controllers.Playground.SnippetRouteTest" assertions="80" time="0.072388"/>
        <testcase name="test_json_admin_can_get_index_with_filters" file="/app/vendor/gammamatrix/playground-test/src/Feature/Http/Controllers/Resource/Playground/IndexJsonTrait.php" line="80" class="Tests\Feature\Playground\Cms\Resource\Http\Controllers\Playground\SnippetRouteTest" classname="Tests.Feature.Playground.Cms.Resource.Http.Controllers.Playground.SnippetRouteTest" assertions="3" time="0.061959"/>
        <testcase name="test_guest_cannot_render_index_view" file="/app/vendor/gammamatrix/playground-test/src/Feature/Http/Controllers/Resource/Playground/IndexTrait.php" line="25" class="Tests\Feature\Playground\Cms\Resource\Http\Controllers\Playground\SnippetRouteTest" classname="Tests.Feature.Playground.Cms.Resource.Http.Controllers.Playground.SnippetRouteTest" assertions="1" time="0.045182"/>
        <testcase name="test_admin_can_render_index_view" file="/app/vendor/gammamatrix/playground-test/src/Feature/Http/Controllers/Resource/Playground/IndexTrait.php" line="40" class="Tests\Feature\Playground\Cms\Resource\Http\Controllers\Playground\SnippetRouteTest" classname="Tests.Feature.Playground.Cms.Resource.Http.Controllers.Playground.SnippetRouteTest" assertions="2" time="0.086092"/>
        <testcase name="test_admin_can_render_index_view_with_filters" file="/app/vendor/gammamatrix/playground-test/src/Feature/Http/Controllers/Resource/Playground/IndexTrait.php" line="73" class="Tests\Feature\Playground\Cms\Resource\Http\Controllers\Playground\SnippetRouteTest" classname="Tests.Feature.Playground.Cms.Resource.Http.Controllers.Playground.SnippetRouteTest" assertions="3" time="0.079303"/>
        <testcase name="test_json_guest_cannot_lock" file="/app/vendor/gammamatrix/playground-test/src/Feature/Http/Controllers/Resource/Playground/LockJsonTrait.php" line="30" class="Tests\Feature\Playground\Cms\Resource\Http\Controllers\Playground\SnippetRouteTest" classname="Tests.Feature.Playground.Cms.Resource.Http.Controllers.Playground.SnippetRouteTest" assertions="3" time="0.051472"/>
        <testcase name="test_json_lock_as_admin_and_succeed" file="/app/vendor/gammamatrix/playground-test/src/Feature/Http/Controllers/Resource/Playground/LockJsonTrait.php" line="62" class="Tests\Feature\Playground\Cms\Resource\Http\Controllers\Playground\SnippetRouteTest" classname="Tests.Feature.Playground.Cms.Resource.Http.Controllers.Playground.SnippetRouteTest" assertions="3" time="0.059035"/>
        <testcase name="test_json_lock_as_admin_and_succeed_with_no_redirect" file="/app/vendor/gammamatrix/playground-test/src/Feature/Http/Controllers/Resource/Playground/LockJsonTrait.php" line="98" class="Tests\Feature\Playground\Cms\Resource\Http\Controllers\Playground\SnippetRouteTest" classname="Tests.Feature.Playground.Cms.Resource.Http.Controllers.Playground.SnippetRouteTest" assertions="75" time="0.066201"/>
        <testcase name="test_json_lock_as_user_and_get_denied" file="/app/vendor/gammamatrix/playground-test/src/Feature/Http/Controllers/Resource/Playground/LockJsonTrait.php" line="147" class="Tests\Feature\Playground\Cms\Resource\Http\Controllers\Playground\SnippetRouteTest" classname="Tests.Feature.Playground.Cms.Resource.Http.Controllers.Playground.SnippetRouteTest" assertions="3" time="0.050254"/>
        <testcase name="test_guest_cannot_lock" file="/app/vendor/gammamatrix/playground-test/src/Feature/Http/Controllers/Resource/Playground/LockTrait.php" line="25" class="Tests\Feature\Playground\Cms\Resource\Http\Controllers\Playground\SnippetRouteTest" classname="Tests.Feature.Playground.Cms.Resource.Http.Controllers.Playground.SnippetRouteTest" assertions="3" time="0.045570"/>
        <testcase name="test_lock_as_admin_and_succeed" file="/app/vendor/gammamatrix/playground-test/src/Feature/Http/Controllers/Resource/Playground/LockTrait.php" line="57" class="Tests\Feature\Playground\Cms\Resource\Http\Controllers\Playground\SnippetRouteTest" classname="Tests.Feature.Playground.Cms.Resource.Http.Controllers.Playground.SnippetRouteTest" assertions="4" time="0.054977"/>
        <testcase name="test_lock_as_admin_and_succeed_with_redirect_to_index_with_sorted_by_locked_desc" file="/app/vendor/gammamatrix/playground-test/src/Feature/Http/Controllers/Resource/Playground/LockTrait.php" line="95" class="Tests\Feature\Playground\Cms\Resource\Http\Controllers\Playground\SnippetRouteTest" classname="Tests.Feature.Playground.Cms.Resource.Http.Controllers.Playground.SnippetRouteTest" assertions="4" time="0.058261"/>
        <testcase name="test_lock_as_user_and_get_denied" file="/app/vendor/gammamatrix/playground-test/src/Feature/Http/Controllers/Resource/Playground/LockTrait.php" line="136" class="Tests\Feature\Playground\Cms\Resource\Http\Controllers\Playground\SnippetRouteTest" classname="Tests.Feature.Playground.Cms.Resource.Http.Controllers.Playground.SnippetRouteTest" assertions="3" time="0.051110"/>
        <testcase name="test_json_guest_cannot_restore" file="/app/vendor/gammamatrix/playground-test/src/Feature/Http/Controllers/Resource/Playground/RestoreJsonTrait.php" line="26" class="Tests\Feature\Playground\Cms\Resource\Http\Controllers\Playground\SnippetRouteTest" classname="Tests.Feature.Playground.Cms.Resource.Http.Controllers.Playground.SnippetRouteTest" assertions="3" time="0.048828"/>
        <testcase name="test_json_restore_as_admin_and_succeed" file="/app/vendor/gammamatrix/playground-test/src/Feature/Http/Controllers/Resource/Playground/RestoreJsonTrait.php" line="60" class="Tests\Feature\Playground\Cms\Resource\Http\Controllers\Playground\SnippetRouteTest" classname="Tests.Feature.Playground.Cms.Resource.Http.Controllers.Playground.SnippetRouteTest" assertions="75" time="0.073441"/>
        <testcase name="test_json_restore_as_admin_and_succeed_with_no_redirect" file="/app/vendor/gammamatrix/playground-test/src/Feature/Http/Controllers/Resource/Playground/RestoreJsonTrait.php" line="99" class="Tests\Feature\Playground\Cms\Resource\Http\Controllers\Playground\SnippetRouteTest" classname="Tests.Feature.Playground.Cms.Resource.Http.Controllers.Playground.SnippetRouteTest" assertions="75" time="0.060626"/>
        <testcase name="test_json_restore_as_user_and_get_denied" file="/app/vendor/gammamatrix/playground-test/src/Feature/Http/Controllers/Resource/Playground/RestoreJsonTrait.php" line="145" class="Tests\Feature\Playground\Cms\Resource\Http\Controllers\Playground\SnippetRouteTest" classname="Tests.Feature.Playground.Cms.Resource.Http.Controllers.Playground.SnippetRouteTest" assertions="3" time="0.050769"/>
        <testcase name="test_json_guest_cannot_restore_revision" file="/app/vendor/gammamatrix/playground-test/src/Feature/Http/Controllers/Resource/Playground/RestoreRevisionJsonTrait.php" line="39" class="Tests\Feature\Playground\Cms\Resource\Http\Controllers\Playground\SnippetRouteTest" classname="Tests.Feature.Playground.Cms.Resource.Http.Controllers.Playground.SnippetRouteTest" assertions="3" time="0.055184"/>
        <testcase name="test_json_restore_revision_as_admin_and_succeed" file="/app/vendor/gammamatrix/playground-test/src/Feature/Http/Controllers/Resource/Playground/RestoreRevisionJsonTrait.php" line="75" class="Tests\Feature\Playground\Cms\Resource\Http\Controllers\Playground\SnippetRouteTest" classname="Tests.Feature.Playground.Cms.Resource.Http.Controllers.Playground.SnippetRouteTest" assertions="75" time="0.109299"/>
        <testcase name="test_json_restore_revision_as_admin_and_succeed_without_redirect" file="/app/vendor/gammamatrix/playground-test/src/Feature/Http/Controllers/Resource/Playground/RestoreRevisionJsonTrait.php" line="115" class="Tests\Feature\Playground\Cms\Resource\Http\Controllers\Playground\SnippetRouteTest" classname="Tests.Feature.Playground.Cms.Resource.Http.Controllers.Playground.SnippetRouteTest" assertions="75" time="0.106326"/>
        <testcase name="test_json_restore_revision_as_user_and_get_denied" file="/app/vendor/gammamatrix/playground-test/src/Feature/Http/Controllers/Resource/Playground/RestoreRevisionJsonTrait.php" line="167" class="Tests\Feature\Playground\Cms\Resource\Http\Controllers\Playground\SnippetRouteTest" classname="Tests.Feature.Playground.Cms.Resource.Http.Controllers.Playground.SnippetRouteTest" assertions="3" time="0.059460"/>
        <testcase name="test_guest_cannot_restore_revision" file="/app/vendor/gammamatrix/playground-test/src/Feature/Http/Controllers/Resource/Playground/RestoreRevisionTrait.php" line="34" class="Tests\Feature\Playground\Cms\Resource\Http\Controllers\Playground\SnippetRouteTest" classname="Tests.Feature.Playground.Cms.Resource.Http.Controllers.Playground.SnippetRouteTest" assertions="3" time="0.067235"/>
        <testcase name="test_restore_revision_as_admin_and_succeed" file="/app/vendor/gammamatrix/playground-test/src/Feature/Http/Controllers/Resource/Playground/RestoreRevisionTrait.php" line="70" class="Tests\Feature\Playground\Cms\Resource\Http\Controllers\Playground\SnippetRouteTest" classname="Tests.Feature.Playground.Cms.Resource.Http.Controllers.Playground.SnippetRouteTest" assertions="4" time="0.101698"/>
        <testcase name="test_restore_revision_as_admin_and_succeed_with_redirect_to_index_with_only_trash" file="/app/vendor/gammamatrix/playground-test/src/Feature/Http/Controllers/Resource/Playground/RestoreRevisionTrait.php" line="110" class="Tests\Feature\Playground\Cms\Resource\Http\Controllers\Playground\SnippetRouteTest" classname="Tests.Feature.Playground.Cms.Resource.Http.Controllers.Playground.SnippetRouteTest" assertions="4" time="0.108662"/>
        <testcase name="test_restore_revision_as_user_and_get_denied" file="/app/vendor/gammamatrix/playground-test/src/Feature/Http/Controllers/Resource/Playground/RestoreRevisionTrait.php" line="160" class="Tests\Feature\Playground\Cms\Resource\Http\Controllers\Playground\SnippetRouteTest" classname="Tests.Feature.Playground.Cms.Resource.Http.Controllers.Playground.SnippetRouteTest" assertions="3" time="0.059422"/>
        <testcase name="test_guest_cannot_restore" file="/app/vendor/gammamatrix/playground-test/src/Feature/Http/Controllers/Resource/Playground/RestoreTrait.php" line="26" class="Tests\Feature\Playground\Cms\Resource\Http\Controllers\Playground\SnippetRouteTest" classname="Tests.Feature.Playground.Cms.Resource.Http.Controllers.Playground.SnippetRouteTest" assertions="3" time="0.050161"/>
        <testcase name="test_restore_as_admin_and_succeed" file="/app/vendor/gammamatrix/playground-test/src/Feature/Http/Controllers/Resource/Playground/RestoreTrait.php" line="60" class="Tests\Feature\Playground\Cms\Resource\Http\Controllers\Playground\SnippetRouteTest" classname="Tests.Feature.Playground.Cms.Resource.Http.Controllers.Playground.SnippetRouteTest" assertions="4" time="0.055291"/>
        <testcase name="test_restore_as_admin_and_succeed_with_redirect_to_index_with_only_trash" file="/app/vendor/gammamatrix/playground-test/src/Feature/Http/Controllers/Resource/Playground/RestoreTrait.php" line="99" class="Tests\Feature\Playground\Cms\Resource\Http\Controllers\Playground\SnippetRouteTest" classname="Tests.Feature.Playground.Cms.Resource.Http.Controllers.Playground.SnippetRouteTest" assertions="4" time="0.054642"/>
        <testcase name="test_restore_as_user_and_get_denied" file="/app/vendor/gammamatrix/playground-test/src/Feature/Http/Controllers/Resource/Playground/RestoreTrait.php" line="148" class="Tests\Feature\Playground\Cms\Resource\Http\Controllers\Playground\SnippetRouteTest" classname="Tests.Feature.Playground.Cms.Resource.Http.Controllers.Playground.SnippetRouteTest" assertions="3" time="0.052567"/>
        <testcase name="test_json_guest_cannot_render_revision_view" file="/app/vendor/gammamatrix/playground-test/src/Feature/Http/Controllers/Resource/Playground/RevisionJsonTrait.php" line="34" class="Tests\Feature\Playground\Cms\Resource\Http\Controllers\Playground\SnippetRouteTest" classname="Tests.Feature.Playground.Cms.Resource.Http.Controllers.Playground.SnippetRouteTest" assertions="2" time="0.057147"/>
        <testcase name="test_json_admin_can_get_revision_info" file="/app/vendor/gammamatrix/playground-test/src/Feature/Http/Controllers/Resource/Playground/RevisionJsonTrait.php" line="65" class="Tests\Feature\Playground\Cms\Resource\Http\Controllers\Playground\SnippetRouteTest" classname="Tests.Feature.Playground.Cms.Resource.Http.Controllers.Playground.SnippetRouteTest" assertions="74" time="0.071658"/>
        <testcase name="test_json_guest_cannot_get_revisions" file="/app/vendor/gammamatrix/playground-test/src/Feature/Http/Controllers/Resource/Playground/RevisionsJsonTrait.php" line="30" class="Tests\Feature\Playground\Cms\Resource\Http\Controllers\Playground\SnippetRouteTest" classname="Tests.Feature.Playground.Cms.Resource.Http.Controllers.Playground.SnippetRouteTest" assertions="2" time="0.115506"/>
        <testcase name="test_json_admin_can_get_revisions" file="/app/vendor/gammamatrix/playground-test/src/Feature/Http/Controllers/Resource/Playground/RevisionsJsonTrait.php" line="59" class="Tests\Feature\Playground\Cms\Resource\Http\Controllers\Playground\SnippetRouteTest" classname="Tests.Feature.Playground.Cms.Resource.Http.Controllers.Playground.SnippetRouteTest" assertions="2" time="0.079890"/>
        <testcase name="test_json_admin_can_get_revisions_with_filters" file="/app/vendor/gammamatrix/playground-test/src/Feature/Http/Controllers/Resource/Playground/RevisionsJsonTrait.php" line="100" class="Tests\Feature\Playground\Cms\Resource\Http\Controllers\Playground\SnippetRouteTest" classname="Tests.Feature.Playground.Cms.Resource.Http.Controllers.Playground.SnippetRouteTest" assertions="81" time="0.073378"/>
        <testcase name="test_guest_cannot_render_revisions_view" file="/app/vendor/gammamatrix/playground-test/src/Feature/Http/Controllers/Resource/Playground/RevisionsTrait.php" line="30" class="Tests\Feature\Playground\Cms\Resource\Http\Controllers\Playground\SnippetRouteTest" classname="Tests.Feature.Playground.Cms.Resource.Http.Controllers.Playground.SnippetRouteTest" assertions="2" time="0.054746"/>
        <testcase name="test_admin_can_render_revisions_view" file="/app/vendor/gammamatrix/playground-test/src/Feature/Http/Controllers/Resource/Playground/RevisionsTrait.php" line="59" class="Tests\Feature\Playground\Cms\Resource\Http\Controllers\Playground\SnippetRouteTest" classname="Tests.Feature.Playground.Cms.Resource.Http.Controllers.Playground.SnippetRouteTest" assertions="2" time="0.099199"/>
        <testcase name="test_admin_can_render_revisions_view_with_filters" file="/app/vendor/gammamatrix/playground-test/src/Feature/Http/Controllers/Resource/Playground/RevisionsTrait.php" line="100" class="Tests\Feature\Playground\Cms\Resource\Http\Controllers\Playground\SnippetRouteTest" classname="Tests.Feature.Playground.Cms.Resource.Http.Controllers.Playground.SnippetRouteTest" assertions="3" time="0.092074"/>
        <testcase name="test_guest_cannot_render_revision_view" file="/app/vendor/gammamatrix/playground-test/src/Feature/Http/Controllers/Resource/Playground/RevisionTrait.php" line="34" class="Tests\Feature\Playground\Cms\Resource\Http\Controllers\Playground\SnippetRouteTest" classname="Tests.Feature.Playground.Cms.Resource.Http.Controllers.Playground.SnippetRouteTest" assertions="2" time="0.055068"/>
        <testcase name="test_revision_view_rendered_by_admin" file="/app/vendor/gammamatrix/playground-test/src/Feature/Http/Controllers/Resource/Playground/RevisionTrait.php" line="65" class="Tests\Feature\Playground\Cms\Resource\Http\Controllers\Playground\SnippetRouteTest" classname="Tests.Feature.Playground.Cms.Resource.Http.Controllers.Playground.SnippetRouteTest" assertions="2" time="0.068880"/>
        <testcase name="test_json_guest_cannot_see_info" file="/app/vendor/gammamatrix/playground-test/src/Feature/Http/Controllers/Resource/Playground/ShowJsonTrait.php" line="25" class="Tests\Feature\Playground\Cms\Resource\Http\Controllers\Playground\SnippetRouteTest" classname="Tests.Feature.Playground.Cms.Resource.Http.Controllers.Playground.SnippetRouteTest" assertions="1" time="0.047050"/>
        <testcase name="test_json_show_info_for_admin" file="/app/vendor/gammamatrix/playground-test/src/Feature/Http/Controllers/Resource/Playground/ShowJsonTrait.php" line="44" class="Tests\Feature\Playground\Cms\Resource\Http\Controllers\Playground\SnippetRouteTest" classname="Tests.Feature.Playground.Cms.Resource.Http.Controllers.Playground.SnippetRouteTest" assertions="74" time="0.057712"/>
        <testcase name="test_guest_cannot_render_show_view" file="/app/vendor/gammamatrix/playground-test/src/Feature/Http/Controllers/Resource/Playground/ShowTrait.php" line="25" class="Tests\Feature\Playground\Cms\Resource\Http\Controllers\Playground\SnippetRouteTest" classname="Tests.Feature.Playground.Cms.Resource.Http.Controllers.Playground.SnippetRouteTest" assertions="1" time="0.046934"/>
        <testcase name="test_show_view_rendered_by_admin" file="/app/vendor/gammamatrix/playground-test/src/Feature/Http/Controllers/Resource/Playground/ShowTrait.php" line="45" class="Tests\Feature\Playground\Cms\Resource\Http\Controllers\Playground\SnippetRouteTest" classname="Tests.Feature.Playground.Cms.Resource.Http.Controllers.Playground.SnippetRouteTest" assertions="2" time="0.061942"/>
        <testcase name="test_json_guest_cannot_store" file="/app/vendor/gammamatrix/playground-test/src/Feature/Http/Controllers/Resource/Playground/StoreJsonTrait.php" line="30" class="Tests\Feature\Playground\Cms\Resource\Http\Controllers\Playground\SnippetRouteTest" classname="Tests.Feature.Playground.Cms.Resource.Http.Controllers.Playground.SnippetRouteTest" assertions="3" time="0.067111"/>
        <testcase name="test_json_store_as_admin_without_payload_and_fail_validation" file="/app/vendor/gammamatrix/playground-test/src/Feature/Http/Controllers/Resource/Playground/StoreJsonTrait.php" line="57" class="Tests\Feature\Playground\Cms\Resource\Http\Controllers\Playground\SnippetRouteTest" classname="Tests.Feature.Playground.Cms.Resource.Http.Controllers.Playground.SnippetRouteTest" assertions="5" time="0.050152"/>
        <testcase name="test_json_store_as_admin_and_succeed" file="/app/vendor/gammamatrix/playground-test/src/Feature/Http/Controllers/Resource/Playground/StoreJsonTrait.php" line="83" class="Tests\Feature\Playground\Cms\Resource\Http\Controllers\Playground\SnippetRouteTest" classname="Tests.Feature.Playground.Cms.Resource.Http.Controllers.Playground.SnippetRouteTest" assertions="3" time="0.070572"/>
        <testcase name="test_guest_cannot_store" file="/app/vendor/gammamatrix/playground-test/src/Feature/Http/Controllers/Resource/Playground/StoreTrait.php" line="25" class="Tests\Feature\Playground\Cms\Resource\Http\Controllers\Playground\SnippetRouteTest" classname="Tests.Feature.Playground.Cms.Resource.Http.Controllers.Playground.SnippetRouteTest" assertions="3" time="0.042954"/>
        <testcase name="test_store_as_admin_without_payload_and_fail_validation" file="/app/vendor/gammamatrix/playground-test/src/Feature/Http/Controllers/Resource/Playground/StoreTrait.php" line="52" class="Tests\Feature\Playground\Cms\Resource\Http\Controllers\Playground\SnippetRouteTest" classname="Tests.Feature.Playground.Cms.Resource.Http.Controllers.Playground.SnippetRouteTest" assertions="5" time="0.053440"/>
        <testcase name="test_store_as_admin_and_succeed" file="/app/vendor/gammamatrix/playground-test/src/Feature/Http/Controllers/Resource/Playground/StoreTrait.php" line="81" class="Tests\Feature\Playground\Cms\Resource\Http\Controllers\Playground\SnippetRouteTest" classname="Tests.Feature.Playground.Cms.Resource.Http.Controllers.Playground.SnippetRouteTest" assertions="4" time="0.065546"/>
        <testcase name="test_store_as_admin_and_succeed_with_return_url" file="/app/vendor/gammamatrix/playground-test/src/Feature/Http/Controllers/Resource/Playground/StoreTrait.php" line="113" class="Tests\Feature\Playground\Cms\Resource\Http\Controllers\Playground\SnippetRouteTest" classname="Tests.Feature.Playground.Cms.Resource.Http.Controllers.Playground.SnippetRouteTest" assertions="4" time="0.066905"/>
        <testcase name="test_json_guest_cannot_unlock" file="/app/vendor/gammamatrix/playground-test/src/Feature/Http/Controllers/Resource/Playground/UnlockJsonTrait.php" line="30" class="Tests\Feature\Playground\Cms\Resource\Http\Controllers\Playground\SnippetRouteTest" classname="Tests.Feature.Playground.Cms.Resource.Http.Controllers.Playground.SnippetRouteTest" assertions="3" time="0.048745"/>
        <testcase name="test_json_unlock_as_admin_and_succeed" file="/app/vendor/gammamatrix/playground-test/src/Feature/Http/Controllers/Resource/Playground/UnlockJsonTrait.php" line="64" class="Tests\Feature\Playground\Cms\Resource\Http\Controllers\Playground\SnippetRouteTest" classname="Tests.Feature.Playground.Cms.Resource.Http.Controllers.Playground.SnippetRouteTest" assertions="75" time="0.072967"/>
        <testcase name="test_json_unlock_as_admin_and_succeed_with_no_redirect" file="/app/vendor/gammamatrix/playground-test/src/Feature/Http/Controllers/Resource/Playground/UnlockJsonTrait.php" line="103" class="Tests\Feature\Playground\Cms\Resource\Http\Controllers\Playground\SnippetRouteTest" classname="Tests.Feature.Playground.Cms.Resource.Http.Controllers.Playground.SnippetRouteTest" assertions="75" time="0.061404"/>
        <testcase name="test_json_unlock_as_user_and_get_denied" file="/app/vendor/gammamatrix/playground-test/src/Feature/Http/Controllers/Resource/Playground/UnlockJsonTrait.php" line="147" class="Tests\Feature\Playground\Cms\Resource\Http\Controllers\Playground\SnippetRouteTest" classname="Tests.Feature.Playground.Cms.Resource.Http.Controllers.Playground.SnippetRouteTest" assertions="3" time="0.051448"/>
        <testcase name="test_guest_cannot_unlock" file="/app/vendor/gammamatrix/playground-test/src/Feature/Http/Controllers/Resource/Playground/UnlockTrait.php" line="30" class="Tests\Feature\Playground\Cms\Resource\Http\Controllers\Playground\SnippetRouteTest" classname="Tests.Feature.Playground.Cms.Resource.Http.Controllers.Playground.SnippetRouteTest" assertions="3" time="0.046108"/>
        <testcase name="test_unlock_as_admin_and_succeed" file="/app/vendor/gammamatrix/playground-test/src/Feature/Http/Controllers/Resource/Playground/UnlockTrait.php" line="64" class="Tests\Feature\Playground\Cms\Resource\Http\Controllers\Playground\SnippetRouteTest" classname="Tests.Feature.Playground.Cms.Resource.Http.Controllers.Playground.SnippetRouteTest" assertions="4" time="0.057097"/>
        <testcase name="test_unlock_as_admin_and_succeed_with_redirect_to_index_with_sorted_by_unlocked_desc" file="/app/vendor/gammamatrix/playground-test/src/Feature/Http/Controllers/Resource/Playground/UnlockTrait.php" line="108" class="Tests\Feature\Playground\Cms\Resource\Http\Controllers\Playground\SnippetRouteTest" classname="Tests.Feature.Playground.Cms.Resource.Http.Controllers.Playground.SnippetRouteTest" assertions="4" time="0.056891"/>
        <testcase name="test_unlock_as_user_and_get_denied" file="/app/vendor/gammamatrix/playground-test/src/Feature/Http/Controllers/Resource/Playground/UnlockTrait.php" line="150" class="Tests\Feature\Playground\Cms\Resource\Http\Controllers\Playground\SnippetRouteTest" classname="Tests.Feature.Playground.Cms.Resource.Http.Controllers.Playground.SnippetRouteTest" assertions="3" time="0.052837"/>
        <testcase name="test_json_guest_cannot_update" file="/app/vendor/gammamatrix/playground-test/src/Feature/Http/Controllers/Resource/Playground/UpdateJsonTrait.php" line="25" class="Tests\Feature\Playground\Cms\Resource\Http\Controllers\Playground\SnippetRouteTest" classname="Tests.Feature.Playground.Cms.Resource.Http.Controllers.Playground.SnippetRouteTest" assertions="1" time="0.068241"/>
        <testcase name="test_json_update_as_admin_without_payload_and_fail_validation" file="/app/vendor/gammamatrix/playground-test/src/Feature/Http/Controllers/Resource/Playground/UpdateJsonTrait.php" line="53" class="Tests\Feature\Playground\Cms\Resource\Http\Controllers\Playground\SnippetRouteTest" classname="Tests.Feature.Playground.Cms.Resource.Http.Controllers.Playground.SnippetRouteTest" assertions="4" time="0.063344"/>
        <testcase name="test_json_admin_can_update" file="/app/vendor/gammamatrix/playground-test/src/Feature/Http/Controllers/Resource/Playground/UpdateJsonTrait.php" line="78" class="Tests\Feature\Playground\Cms\Resource\Http\Controllers\Playground\SnippetRouteTest" classname="Tests.Feature.Playground.Cms.Resource.Http.Controllers.Playground.SnippetRouteTest" assertions="77" time="0.108409"/>
        <testcase name="test_guest_cannot_update" file="/app/vendor/gammamatrix/playground-test/src/Feature/Http/Controllers/Resource/Playground/UpdateTrait.php" line="25" class="Tests\Feature\Playground\Cms\Resource\Http\Controllers\Playground\SnippetRouteTest" classname="Tests.Feature.Playground.Cms.Resource.Http.Controllers.Playground.SnippetRouteTest" assertions="1" time="0.045249"/>
        <testcase name="test_update_as_admin_without_payload_and_fail_validation" file="/app/vendor/gammamatrix/playground-test/src/Feature/Http/Controllers/Resource/Playground/UpdateTrait.php" line="53" class="Tests\Feature\Playground\Cms\Resource\Http\Controllers\Playground\SnippetRouteTest" classname="Tests.Feature.Playground.Cms.Resource.Http.Controllers.Playground.SnippetRouteTest" assertions="4" time="0.062147"/>
        <testcase name="test_admin_can_update" file="/app/vendor/gammamatrix/playground-test/src/Feature/Http/Controllers/Resource/Playground/UpdateTrait.php" line="78" class="Tests\Feature\Playground\Cms\Resource\Http\Controllers\Playground\SnippetRouteTest" classname="Tests.Feature.Playground.Cms.Resource.Http.Controllers.Playground.SnippetRouteTest" assertions="6" time="0.103325"/>
        <testcase name="test_admin_can_update_view_with_return_url" file="/app/vendor/gammamatrix/playground-test/src/Feature/Http/Controllers/Resource/Playground/UpdateTrait.php" line="121" class="Tests\Feature\Playground\Cms\Resource\Http\Controllers\Playground\SnippetRouteTest" classname="Tests.Feature.Playground.Cms.Resource.Http.Controllers.Playground.SnippetRouteTest" assertions="6" time="0.102309"/>
      </testsuite>
      <testsuite name="Tests\Feature\Playground\Cms\Resource\Http\Requests\FormRequest\InstanceTest" file="/app/tests/Feature/Http/Requests/FormRequest/InstanceTest.php" tests="1" assertions="1" errors="0" failures="0" skipped="0" time="0.021867">
        <testcase name="test_FormRequest_authorize_with_admin" file="/app/tests/Feature/Http/Requests/FormRequest/InstanceTest.php" line="19" class="Tests\Feature\Playground\Cms\Resource\Http\Requests\FormRequest\InstanceTest" classname="Tests.Feature.Playground.Cms.Resource.Http.Requests.FormRequest.InstanceTest" assertions="1" time="0.021867"/>
      </testsuite>
    </testsuite>
  </testsuite>
</testsuites>
